2023-03-12 22:49:04,458 WARN [restartedMain] o.s.b.w.s.c.AnnotationConfigServletWebServerApplicationContext [AbstractApplicationContext.java:557] Exception encountered during context initialization - cancelling refresh attempt: org.springframework.beans.factory.BeanDefinitionStoreException: Failed to read candidate component class: file [F:\java_project\myTest\community\target\classes\com\xianj\community\CommunityApplication.class]; nested exception is org.springframework.core.NestedIOException: ASM ClassReader failed to parse class file - probably due to a new Java class file version that isn't supported yet: file [F:\java_project\myTest\community\target\classes\com\xianj\community\CommunityApplication.class]; nested exception is java.lang.IllegalArgumentException: Unsupported class file major version 63
2023-03-12 22:54:16,036 WARN [restartedMain] o.s.b.w.s.c.AnnotationConfigServletWebServerApplicationContext [AbstractApplicationContext.java:557] Exception encountered during context initialization - cancelling refresh attempt: org.springframework.beans.factory.BeanDefinitionStoreException: Failed to read candidate component class: file [F:\java_project\myTest\community\target\classes\com\xianj\community\CommunityApplication.class]; nested exception is org.springframework.core.NestedIOException: ASM ClassReader failed to parse class file - probably due to a new Java class file version that isn't supported yet: file [F:\java_project\myTest\community\target\classes\com\xianj\community\CommunityApplication.class]; nested exception is java.lang.IllegalArgumentException: Unsupported class file major version 63
2023-03-12 22:59:46,122 WARN [restartedMain] o.s.b.w.s.c.AnnotationConfigServletWebServerApplicationContext [AbstractApplicationContext.java:557] Exception encountered during context initialization - cancelling refresh attempt: org.springframework.beans.factory.BeanDefinitionStoreException: Failed to read candidate component class: file [F:\java_project\myTest\community\target\classes\com\xianj\community\CommunityApplication.class]; nested exception is org.springframework.core.NestedIOException: ASM ClassReader failed to parse class file - probably due to a new Java class file version that isn't supported yet: file [F:\java_project\myTest\community\target\classes\com\xianj\community\CommunityApplication.class]; nested exception is java.lang.IllegalArgumentException: Unsupported class file major version 63
2023-03-12 22:59:50,840 WARN [restartedMain] o.s.b.w.s.c.AnnotationConfigServletWebServerApplicationContext [AbstractApplicationContext.java:557] Exception encountered during context initialization - cancelling refresh attempt: org.springframework.beans.factory.BeanDefinitionStoreException: Failed to read candidate component class: file [F:\java_project\myTest\community\target\classes\com\xianj\community\CommunityApplication.class]; nested exception is org.springframework.core.NestedIOException: ASM ClassReader failed to parse class file - probably due to a new Java class file version that isn't supported yet: file [F:\java_project\myTest\community\target\classes\com\xianj\community\CommunityApplication.class]; nested exception is java.lang.IllegalArgumentException: Unsupported class file major version 63
2023-03-12 23:01:25,805 WARN [http-nio-8080-exec-1] c.x.c.a.ServiceLogAspect [Logger.java:44] 用户【0:0:0:0:0:0:0:1】，在【2023-01-12 23:01:25】，访问了【com.xianj.community.service.DiscussPostService.findDiscussPostRows】
2023-03-12 23:01:25,972 WARN [http-nio-8080-exec-1] c.x.c.a.ServiceLogAspect [Logger.java:44] 用户【0:0:0:0:0:0:0:1】，在【2023-01-12 23:01:25】，访问了【com.xianj.community.service.DiscussPostService.findDiscussPosts】
2023-03-12 23:01:25,987 WARN [http-nio-8080-exec-1] c.x.c.a.ServiceLogAspect [Logger.java:44] 用户【0:0:0:0:0:0:0:1】，在【2023-01-12 23:01:25】，访问了【com.xianj.community.service.UserService.findUserById】
2023-03-12 23:01:26,151 WARN [http-nio-8080-exec-1] c.x.c.a.ServiceLogAspect [Logger.java:44] 用户【0:0:0:0:0:0:0:1】，在【2023-01-12 23:01:26】，访问了【com.xianj.community.service.LikeService.findEntityLikeCount】
2023-03-12 23:01:26,156 WARN [http-nio-8080-exec-1] c.x.c.a.ServiceLogAspect [Logger.java:44] 用户【0:0:0:0:0:0:0:1】，在【2023-01-12 23:01:26】，访问了【com.xianj.community.service.UserService.findUserById】
2023-03-12 23:01:26,159 WARN [http-nio-8080-exec-1] c.x.c.a.ServiceLogAspect [Logger.java:44] 用户【0:0:0:0:0:0:0:1】，在【2023-01-12 23:01:26】，访问了【com.xianj.community.service.LikeService.findEntityLikeCount】
2023-03-12 23:01:26,165 WARN [http-nio-8080-exec-1] c.x.c.a.ServiceLogAspect [Logger.java:44] 用户【0:0:0:0:0:0:0:1】，在【2023-01-12 23:01:26】，访问了【com.xianj.community.service.UserService.findUserById】
2023-03-12 23:01:26,187 WARN [http-nio-8080-exec-1] c.x.c.a.ServiceLogAspect [Logger.java:44] 用户【0:0:0:0:0:0:0:1】，在【2023-01-12 23:01:26】，访问了【com.xianj.community.service.LikeService.findEntityLikeCount】
2023-03-12 23:01:26,258 WARN [http-nio-8080-exec-1] c.x.c.a.ServiceLogAspect [Logger.java:44] 用户【0:0:0:0:0:0:0:1】，在【2023-01-12 23:01:26】，访问了【com.xianj.community.service.UserService.findUserById】
2023-03-12 23:01:26,260 WARN [http-nio-8080-exec-1] c.x.c.a.ServiceLogAspect [Logger.java:44] 用户【0:0:0:0:0:0:0:1】，在【2023-01-12 23:01:26】，访问了【com.xianj.community.service.LikeService.findEntityLikeCount】
2023-03-12 23:01:26,261 WARN [http-nio-8080-exec-1] c.x.c.a.ServiceLogAspect [Logger.java:44] 用户【0:0:0:0:0:0:0:1】，在【2023-01-12 23:01:26】，访问了【com.xianj.community.service.UserService.findUserById】
2023-03-12 23:01:26,262 WARN [http-nio-8080-exec-1] c.x.c.a.ServiceLogAspect [Logger.java:44] 用户【0:0:0:0:0:0:0:1】，在【2023-01-12 23:01:26】，访问了【com.xianj.community.service.LikeService.findEntityLikeCount】
2023-03-12 23:01:26,263 WARN [http-nio-8080-exec-1] c.x.c.a.ServiceLogAspect [Logger.java:44] 用户【0:0:0:0:0:0:0:1】，在【2023-01-12 23:01:26】，访问了【com.xianj.community.service.UserService.findUserById】
2023-03-12 23:01:26,264 WARN [http-nio-8080-exec-1] c.x.c.a.ServiceLogAspect [Logger.java:44] 用户【0:0:0:0:0:0:0:1】，在【2023-01-12 23:01:26】，访问了【com.xianj.community.service.LikeService.findEntityLikeCount】
2023-03-12 23:01:26,265 WARN [http-nio-8080-exec-1] c.x.c.a.ServiceLogAspect [Logger.java:44] 用户【0:0:0:0:0:0:0:1】，在【2023-01-12 23:01:26】，访问了【com.xianj.community.service.UserService.findUserById】
2023-03-12 23:01:26,266 WARN [http-nio-8080-exec-1] c.x.c.a.ServiceLogAspect [Logger.java:44] 用户【0:0:0:0:0:0:0:1】，在【2023-01-12 23:01:26】，访问了【com.xianj.community.service.LikeService.findEntityLikeCount】
2023-03-12 23:01:26,267 WARN [http-nio-8080-exec-1] c.x.c.a.ServiceLogAspect [Logger.java:44] 用户【0:0:0:0:0:0:0:1】，在【2023-01-12 23:01:26】，访问了【com.xianj.community.service.UserService.findUserById】
2023-03-12 23:01:26,267 WARN [http-nio-8080-exec-1] c.x.c.a.ServiceLogAspect [Logger.java:44] 用户【0:0:0:0:0:0:0:1】，在【2023-01-12 23:01:26】，访问了【com.xianj.community.service.LikeService.findEntityLikeCount】
2023-03-12 23:01:26,268 WARN [http-nio-8080-exec-1] c.x.c.a.ServiceLogAspect [Logger.java:44] 用户【0:0:0:0:0:0:0:1】，在【2023-01-12 23:01:26】，访问了【com.xianj.community.service.UserService.findUserById】
2023-03-12 23:01:26,271 WARN [http-nio-8080-exec-1] c.x.c.a.ServiceLogAspect [Logger.java:44] 用户【0:0:0:0:0:0:0:1】，在【2023-01-12 23:01:26】，访问了【com.xianj.community.service.LikeService.findEntityLikeCount】
2023-03-12 23:01:26,272 WARN [http-nio-8080-exec-1] c.x.c.a.ServiceLogAspect [Logger.java:44] 用户【0:0:0:0:0:0:0:1】，在【2023-01-12 23:01:26】，访问了【com.xianj.community.service.UserService.findUserById】
2023-03-12 23:01:26,274 WARN [http-nio-8080-exec-1] c.x.c.a.ServiceLogAspect [Logger.java:44] 用户【0:0:0:0:0:0:0:1】，在【2023-01-12 23:01:26】，访问了【com.xianj.community.service.LikeService.findEntityLikeCount】
2023-03-12 23:01:47,472 WARN [http-nio-8080-exec-9] c.x.c.a.ServiceLogAspect [Logger.java:44] 用户【0:0:0:0:0:0:0:1】，在【2023-01-12 23:01:47】，访问了【com.xianj.community.service.DiscussPostService.findDiscussPostById】
2023-03-12 23:01:47,474 WARN [http-nio-8080-exec-9] c.x.c.a.ServiceLogAspect [Logger.java:44] 用户【0:0:0:0:0:0:0:1】，在【2023-01-12 23:01:47】，访问了【com.xianj.community.service.UserService.findUserById】
2023-03-12 23:01:47,477 WARN [http-nio-8080-exec-9] c.x.c.a.ServiceLogAspect [Logger.java:44] 用户【0:0:0:0:0:0:0:1】，在【2023-01-12 23:01:47】，访问了【com.xianj.community.service.LikeService.findEntityLikeCount】
2023-03-12 23:01:47,478 WARN [http-nio-8080-exec-9] c.x.c.a.ServiceLogAspect [Logger.java:44] 用户【0:0:0:0:0:0:0:1】，在【2023-01-12 23:01:47】，访问了【com.xianj.community.service.CommentService.findCommentsByEntity】
2023-03-12 23:01:47,492 WARN [http-nio-8080-exec-9] c.x.c.a.ServiceLogAspect [Logger.java:44] 用户【0:0:0:0:0:0:0:1】，在【2023-01-12 23:01:47】，访问了【com.xianj.community.service.UserService.findUserById】
2023-03-12 23:01:47,495 WARN [http-nio-8080-exec-9] c.x.c.a.ServiceLogAspect [Logger.java:44] 用户【0:0:0:0:0:0:0:1】，在【2023-01-12 23:01:47】，访问了【com.xianj.community.service.CommentService.findCommentsByEntity】
2023-03-12 23:01:47,499 WARN [http-nio-8080-exec-9] c.x.c.a.ServiceLogAspect [Logger.java:44] 用户【0:0:0:0:0:0:0:1】，在【2023-01-12 23:01:47】，访问了【com.xianj.community.service.UserService.findUserById】
2023-03-12 23:01:47,502 WARN [http-nio-8080-exec-9] c.x.c.a.ServiceLogAspect [Logger.java:44] 用户【0:0:0:0:0:0:0:1】，在【2023-01-12 23:01:47】，访问了【com.xianj.community.service.LikeService.findEntityLikeCount】
2023-03-12 23:01:47,503 WARN [http-nio-8080-exec-9] c.x.c.a.ServiceLogAspect [Logger.java:44] 用户【0:0:0:0:0:0:0:1】，在【2023-01-12 23:01:47】，访问了【com.xianj.community.service.UserService.findUserById】
2023-03-12 23:01:47,503 WARN [http-nio-8080-exec-9] c.x.c.a.ServiceLogAspect [Logger.java:44] 用户【0:0:0:0:0:0:0:1】，在【2023-01-12 23:01:47】，访问了【com.xianj.community.service.LikeService.findEntityLikeCount】
2023-03-12 23:01:47,504 WARN [http-nio-8080-exec-9] c.x.c.a.ServiceLogAspect [Logger.java:44] 用户【0:0:0:0:0:0:0:1】，在【2023-01-12 23:01:47】，访问了【com.xianj.community.service.UserService.findUserById】
2023-03-12 23:01:47,504 WARN [http-nio-8080-exec-9] c.x.c.a.ServiceLogAspect [Logger.java:44] 用户【0:0:0:0:0:0:0:1】，在【2023-01-12 23:01:47】，访问了【com.xianj.community.service.UserService.findUserById】
2023-03-12 23:01:47,506 WARN [http-nio-8080-exec-9] c.x.c.a.ServiceLogAspect [Logger.java:44] 用户【0:0:0:0:0:0:0:1】，在【2023-01-12 23:01:47】，访问了【com.xianj.community.service.LikeService.findEntityLikeCount】
2023-03-12 23:01:47,507 WARN [http-nio-8080-exec-9] c.x.c.a.ServiceLogAspect [Logger.java:44] 用户【0:0:0:0:0:0:0:1】，在【2023-01-12 23:01:47】，访问了【com.xianj.community.service.UserService.findUserById】
2023-03-12 23:01:47,507 WARN [http-nio-8080-exec-9] c.x.c.a.ServiceLogAspect [Logger.java:44] 用户【0:0:0:0:0:0:0:1】，在【2023-01-12 23:01:47】，访问了【com.xianj.community.service.UserService.findUserById】
2023-03-12 23:01:47,508 WARN [http-nio-8080-exec-9] c.x.c.a.ServiceLogAspect [Logger.java:44] 用户【0:0:0:0:0:0:0:1】，在【2023-01-12 23:01:47】，访问了【com.xianj.community.service.LikeService.findEntityLikeCount】
2023-03-12 23:01:47,508 WARN [http-nio-8080-exec-9] c.x.c.a.ServiceLogAspect [Logger.java:44] 用户【0:0:0:0:0:0:0:1】，在【2023-01-12 23:01:47】，访问了【com.xianj.community.service.UserService.findUserById】
2023-03-12 23:01:47,509 WARN [http-nio-8080-exec-9] c.x.c.a.ServiceLogAspect [Logger.java:44] 用户【0:0:0:0:0:0:0:1】，在【2023-01-12 23:01:47】，访问了【com.xianj.community.service.UserService.findUserById】
2023-03-12 23:01:47,510 WARN [http-nio-8080-exec-9] c.x.c.a.ServiceLogAspect [Logger.java:44] 用户【0:0:0:0:0:0:0:1】，在【2023-01-12 23:01:47】，访问了【com.xianj.community.service.LikeService.findEntityLikeCount】
2023-03-12 23:01:47,510 WARN [http-nio-8080-exec-9] c.x.c.a.ServiceLogAspect [Logger.java:44] 用户【0:0:0:0:0:0:0:1】，在【2023-01-12 23:01:47】，访问了【com.xianj.community.service.UserService.findUserById】
2023-03-12 23:01:47,511 WARN [http-nio-8080-exec-9] c.x.c.a.ServiceLogAspect [Logger.java:44] 用户【0:0:0:0:0:0:0:1】，在【2023-01-12 23:01:47】，访问了【com.xianj.community.service.UserService.findUserById】
2023-03-12 23:01:47,511 WARN [http-nio-8080-exec-9] c.x.c.a.ServiceLogAspect [Logger.java:44] 用户【0:0:0:0:0:0:0:1】，在【2023-01-12 23:01:47】，访问了【com.xianj.community.service.LikeService.findEntityLikeCount】
2023-03-12 23:01:47,511 WARN [http-nio-8080-exec-9] c.x.c.a.ServiceLogAspect [Logger.java:44] 用户【0:0:0:0:0:0:0:1】，在【2023-01-12 23:01:47】，访问了【com.xianj.community.service.UserService.findUserById】
2023-03-12 23:01:47,513 WARN [http-nio-8080-exec-9] c.x.c.a.ServiceLogAspect [Logger.java:44] 用户【0:0:0:0:0:0:0:1】，在【2023-01-12 23:01:47】，访问了【com.xianj.community.service.UserService.findUserById】
2023-03-12 23:01:47,513 WARN [http-nio-8080-exec-9] c.x.c.a.ServiceLogAspect [Logger.java:44] 用户【0:0:0:0:0:0:0:1】，在【2023-01-12 23:01:47】，访问了【com.xianj.community.service.LikeService.findEntityLikeCount】
2023-03-12 23:01:47,514 WARN [http-nio-8080-exec-9] c.x.c.a.ServiceLogAspect [Logger.java:44] 用户【0:0:0:0:0:0:0:1】，在【2023-01-12 23:01:47】，访问了【com.xianj.community.service.CommentService.findCommentRows】
2023-03-12 23:01:47,516 WARN [http-nio-8080-exec-9] c.x.c.a.ServiceLogAspect [Logger.java:44] 用户【0:0:0:0:0:0:0:1】，在【2023-01-12 23:01:47】，访问了【com.xianj.community.service.LikeService.findEntityLikeCount】
2023-03-12 23:01:47,516 WARN [http-nio-8080-exec-9] c.x.c.a.ServiceLogAspect [Logger.java:44] 用户【0:0:0:0:0:0:0:1】，在【2023-01-12 23:01:47】，访问了【com.xianj.community.service.UserService.findUserById】
2023-03-12 23:01:47,517 WARN [http-nio-8080-exec-9] c.x.c.a.ServiceLogAspect [Logger.java:44] 用户【0:0:0:0:0:0:0:1】，在【2023-01-12 23:01:47】，访问了【com.xianj.community.service.CommentService.findCommentsByEntity】
2023-03-12 23:01:47,519 WARN [http-nio-8080-exec-9] c.x.c.a.ServiceLogAspect [Logger.java:44] 用户【0:0:0:0:0:0:0:1】，在【2023-01-12 23:01:47】，访问了【com.xianj.community.service.CommentService.findCommentRows】
2023-03-12 23:01:47,520 WARN [http-nio-8080-exec-9] c.x.c.a.ServiceLogAspect [Logger.java:44] 用户【0:0:0:0:0:0:0:1】，在【2023-01-12 23:01:47】，访问了【com.xianj.community.service.LikeService.findEntityLikeCount】
2023-03-12 23:01:47,522 WARN [http-nio-8080-exec-9] c.x.c.a.ServiceLogAspect [Logger.java:44] 用户【0:0:0:0:0:0:0:1】，在【2023-01-12 23:01:47】，访问了【com.xianj.community.service.UserService.findUserById】
2023-03-12 23:01:47,525 WARN [http-nio-8080-exec-9] c.x.c.a.ServiceLogAspect [Logger.java:44] 用户【0:0:0:0:0:0:0:1】，在【2023-01-12 23:01:47】，访问了【com.xianj.community.service.CommentService.findCommentsByEntity】
2023-03-12 23:01:47,526 WARN [http-nio-8080-exec-9] c.x.c.a.ServiceLogAspect [Logger.java:44] 用户【0:0:0:0:0:0:0:1】，在【2023-01-12 23:01:47】，访问了【com.xianj.community.service.CommentService.findCommentRows】
2023-03-12 23:01:47,528 WARN [http-nio-8080-exec-9] c.x.c.a.ServiceLogAspect [Logger.java:44] 用户【0:0:0:0:0:0:0:1】，在【2023-01-12 23:01:47】，访问了【com.xianj.community.service.LikeService.findEntityLikeCount】
2023-03-12 23:01:47,529 WARN [http-nio-8080-exec-9] c.x.c.a.ServiceLogAspect [Logger.java:44] 用户【0:0:0:0:0:0:0:1】，在【2023-01-12 23:01:47】，访问了【com.xianj.community.service.UserService.findUserById】
2023-03-12 23:01:47,532 WARN [http-nio-8080-exec-9] c.x.c.a.ServiceLogAspect [Logger.java:44] 用户【0:0:0:0:0:0:0:1】，在【2023-01-12 23:01:47】，访问了【com.xianj.community.service.CommentService.findCommentsByEntity】
2023-03-12 23:01:47,534 WARN [http-nio-8080-exec-9] c.x.c.a.ServiceLogAspect [Logger.java:44] 用户【0:0:0:0:0:0:0:1】，在【2023-01-12 23:01:47】，访问了【com.xianj.community.service.CommentService.findCommentRows】
2023-03-12 23:01:47,536 WARN [http-nio-8080-exec-9] c.x.c.a.ServiceLogAspect [Logger.java:44] 用户【0:0:0:0:0:0:0:1】，在【2023-01-12 23:01:47】，访问了【com.xianj.community.service.LikeService.findEntityLikeCount】
2023-03-12 23:01:47,537 WARN [http-nio-8080-exec-9] c.x.c.a.ServiceLogAspect [Logger.java:44] 用户【0:0:0:0:0:0:0:1】，在【2023-01-12 23:01:47】，访问了【com.xianj.community.service.UserService.findUserById】
2023-03-12 23:01:47,538 WARN [http-nio-8080-exec-9] c.x.c.a.ServiceLogAspect [Logger.java:44] 用户【0:0:0:0:0:0:0:1】，在【2023-01-12 23:01:47】，访问了【com.xianj.community.service.CommentService.findCommentsByEntity】
2023-03-12 23:01:47,539 WARN [http-nio-8080-exec-9] c.x.c.a.ServiceLogAspect [Logger.java:44] 用户【0:0:0:0:0:0:0:1】，在【2023-01-12 23:01:47】，访问了【com.xianj.community.service.CommentService.findCommentRows】
2023-03-12 23:01:47,541 WARN [http-nio-8080-exec-9] c.x.c.a.ServiceLogAspect [Logger.java:44] 用户【0:0:0:0:0:0:0:1】，在【2023-01-12 23:01:47】，访问了【com.xianj.community.service.LikeService.findEntityLikeCount】
2023-03-12 23:01:51,960 WARN [http-nio-8080-exec-4] c.x.c.a.ServiceLogAspect [Logger.java:44] 用户【0:0:0:0:0:0:0:1】，在【2023-01-12 23:01:51】，访问了【com.xianj.community.service.UserService.findUserById】
2023-03-12 23:01:51,961 WARN [http-nio-8080-exec-4] c.x.c.a.ServiceLogAspect [Logger.java:44] 用户【0:0:0:0:0:0:0:1】，在【2023-01-12 23:01:51】，访问了【com.xianj.community.service.LikeService.getUserLikeCount】
2023-03-12 23:01:51,962 WARN [http-nio-8080-exec-4] c.x.c.a.ServiceLogAspect [Logger.java:44] 用户【0:0:0:0:0:0:0:1】，在【2023-01-12 23:01:51】，访问了【com.xianj.community.service.FollowService.findFolloweeCount】
2023-03-12 23:01:51,969 WARN [http-nio-8080-exec-4] c.x.c.a.ServiceLogAspect [Logger.java:44] 用户【0:0:0:0:0:0:0:1】，在【2023-01-12 23:01:51】，访问了【com.xianj.community.service.FollowService.findFollowerCount】
2023-03-12 23:01:56,063 WARN [http-nio-8080-exec-9] c.x.c.a.ServiceLogAspect [Logger.java:44] 用户【0:0:0:0:0:0:0:1】，在【2023-01-12 23:01:56】，访问了【com.xianj.community.service.UserService.findUserById】
2023-03-12 23:01:56,065 WARN [http-nio-8080-exec-9] c.x.c.a.ServiceLogAspect [Logger.java:44] 用户【0:0:0:0:0:0:0:1】，在【2023-01-12 23:01:56】，访问了【com.xianj.community.service.FollowService.findFollowerCount】
2023-03-12 23:01:56,065 WARN [http-nio-8080-exec-9] c.x.c.a.ServiceLogAspect [Logger.java:44] 用户【0:0:0:0:0:0:0:1】，在【2023-01-12 23:01:56】，访问了【com.xianj.community.service.FollowService.findFollowers】
2023-03-12 23:01:59,075 WARN [http-nio-8080-exec-3] c.x.c.a.ServiceLogAspect [Logger.java:44] 用户【0:0:0:0:0:0:0:1】，在【2023-01-12 23:01:59】，访问了【com.xianj.community.service.UserService.findUserById】
2023-03-12 23:01:59,076 WARN [http-nio-8080-exec-3] c.x.c.a.ServiceLogAspect [Logger.java:44] 用户【0:0:0:0:0:0:0:1】，在【2023-01-12 23:01:59】，访问了【com.xianj.community.service.LikeService.getUserLikeCount】
2023-03-12 23:01:59,077 WARN [http-nio-8080-exec-3] c.x.c.a.ServiceLogAspect [Logger.java:44] 用户【0:0:0:0:0:0:0:1】，在【2023-01-12 23:01:59】，访问了【com.xianj.community.service.FollowService.findFolloweeCount】
2023-03-12 23:01:59,077 WARN [http-nio-8080-exec-3] c.x.c.a.ServiceLogAspect [Logger.java:44] 用户【0:0:0:0:0:0:0:1】，在【2023-01-12 23:01:59】，访问了【com.xianj.community.service.FollowService.findFollowerCount】
2023-03-12 23:02:08,013 WARN [http-nio-8080-exec-10] c.x.c.a.ServiceLogAspect [Logger.java:44] 用户【0:0:0:0:0:0:0:1】，在【2023-02-12 23:02:08】，访问了【com.xianj.community.service.DiscussPostService.findDiscussPostRows】
2023-03-12 23:02:08,015 WARN [http-nio-8080-exec-10] c.x.c.a.ServiceLogAspect [Logger.java:44] 用户【0:0:0:0:0:0:0:1】，在【2023-02-12 23:02:08】，访问了【com.xianj.community.service.DiscussPostService.findDiscussPosts】
2023-03-12 23:02:08,019 WARN [http-nio-8080-exec-10] c.x.c.a.ServiceLogAspect [Logger.java:44] 用户【0:0:0:0:0:0:0:1】，在【2023-02-12 23:02:08】，访问了【com.xianj.community.service.UserService.findUserById】
2023-03-12 23:02:08,021 WARN [http-nio-8080-exec-10] c.x.c.a.ServiceLogAspect [Logger.java:44] 用户【0:0:0:0:0:0:0:1】，在【2023-02-12 23:02:08】，访问了【com.xianj.community.service.LikeService.findEntityLikeCount】
2023-03-12 23:02:08,021 WARN [http-nio-8080-exec-10] c.x.c.a.ServiceLogAspect [Logger.java:44] 用户【0:0:0:0:0:0:0:1】，在【2023-02-12 23:02:08】，访问了【com.xianj.community.service.UserService.findUserById】
2023-03-12 23:02:08,022 WARN [http-nio-8080-exec-10] c.x.c.a.ServiceLogAspect [Logger.java:44] 用户【0:0:0:0:0:0:0:1】，在【2023-02-12 23:02:08】，访问了【com.xianj.community.service.LikeService.findEntityLikeCount】
2023-03-12 23:02:08,022 WARN [http-nio-8080-exec-10] c.x.c.a.ServiceLogAspect [Logger.java:44] 用户【0:0:0:0:0:0:0:1】，在【2023-02-12 23:02:08】，访问了【com.xianj.community.service.UserService.findUserById】
2023-03-12 23:02:08,023 WARN [http-nio-8080-exec-10] c.x.c.a.ServiceLogAspect [Logger.java:44] 用户【0:0:0:0:0:0:0:1】，在【2023-02-12 23:02:08】，访问了【com.xianj.community.service.LikeService.findEntityLikeCount】
2023-03-12 23:02:08,023 WARN [http-nio-8080-exec-10] c.x.c.a.ServiceLogAspect [Logger.java:44] 用户【0:0:0:0:0:0:0:1】，在【2023-02-12 23:02:08】，访问了【com.xianj.community.service.UserService.findUserById】
2023-03-12 23:02:08,023 WARN [http-nio-8080-exec-10] c.x.c.a.ServiceLogAspect [Logger.java:44] 用户【0:0:0:0:0:0:0:1】，在【2023-02-12 23:02:08】，访问了【com.xianj.community.service.LikeService.findEntityLikeCount】
2023-03-12 23:02:08,023 WARN [http-nio-8080-exec-10] c.x.c.a.ServiceLogAspect [Logger.java:44] 用户【0:0:0:0:0:0:0:1】，在【2023-02-12 23:02:08】，访问了【com.xianj.community.service.UserService.findUserById】
2023-03-12 23:02:08,024 WARN [http-nio-8080-exec-10] c.x.c.a.ServiceLogAspect [Logger.java:44] 用户【0:0:0:0:0:0:0:1】，在【2023-02-12 23:02:08】，访问了【com.xianj.community.service.LikeService.findEntityLikeCount】
2023-03-12 23:02:08,024 WARN [http-nio-8080-exec-10] c.x.c.a.ServiceLogAspect [Logger.java:44] 用户【0:0:0:0:0:0:0:1】，在【2023-02-12 23:02:08】，访问了【com.xianj.community.service.UserService.findUserById】
2023-03-12 23:02:08,024 WARN [http-nio-8080-exec-10] c.x.c.a.ServiceLogAspect [Logger.java:44] 用户【0:0:0:0:0:0:0:1】，在【2023-02-12 23:02:08】，访问了【com.xianj.community.service.LikeService.findEntityLikeCount】
2023-03-12 23:02:08,025 WARN [http-nio-8080-exec-10] c.x.c.a.ServiceLogAspect [Logger.java:44] 用户【0:0:0:0:0:0:0:1】，在【2023-02-12 23:02:08】，访问了【com.xianj.community.service.UserService.findUserById】
2023-03-12 23:02:08,025 WARN [http-nio-8080-exec-10] c.x.c.a.ServiceLogAspect [Logger.java:44] 用户【0:0:0:0:0:0:0:1】，在【2023-02-12 23:02:08】，访问了【com.xianj.community.service.LikeService.findEntityLikeCount】
2023-03-12 23:02:08,026 WARN [http-nio-8080-exec-10] c.x.c.a.ServiceLogAspect [Logger.java:44] 用户【0:0:0:0:0:0:0:1】，在【2023-02-12 23:02:08】，访问了【com.xianj.community.service.UserService.findUserById】
2023-03-12 23:02:08,026 WARN [http-nio-8080-exec-10] c.x.c.a.ServiceLogAspect [Logger.java:44] 用户【0:0:0:0:0:0:0:1】，在【2023-02-12 23:02:08】，访问了【com.xianj.community.service.LikeService.findEntityLikeCount】
2023-03-12 23:02:08,027 WARN [http-nio-8080-exec-10] c.x.c.a.ServiceLogAspect [Logger.java:44] 用户【0:0:0:0:0:0:0:1】，在【2023-02-12 23:02:08】，访问了【com.xianj.community.service.UserService.findUserById】
2023-03-12 23:02:08,027 WARN [http-nio-8080-exec-10] c.x.c.a.ServiceLogAspect [Logger.java:44] 用户【0:0:0:0:0:0:0:1】，在【2023-02-12 23:02:08】，访问了【com.xianj.community.service.LikeService.findEntityLikeCount】
2023-03-12 23:02:08,028 WARN [http-nio-8080-exec-10] c.x.c.a.ServiceLogAspect [Logger.java:44] 用户【0:0:0:0:0:0:0:1】，在【2023-02-12 23:02:08】，访问了【com.xianj.community.service.UserService.findUserById】
2023-03-12 23:02:08,028 WARN [http-nio-8080-exec-10] c.x.c.a.ServiceLogAspect [Logger.java:44] 用户【0:0:0:0:0:0:0:1】，在【2023-02-12 23:02:08】，访问了【com.xianj.community.service.LikeService.findEntityLikeCount】
2023-03-12 23:02:10,384 WARN [http-nio-8080-exec-4] c.x.c.a.ServiceLogAspect [Logger.java:44] 用户【0:0:0:0:0:0:0:1】，在【2023-02-12 23:02:10】，访问了【com.xianj.community.service.DiscussPostService.findDiscussPostById】
2023-03-12 23:02:10,387 WARN [http-nio-8080-exec-4] c.x.c.a.ServiceLogAspect [Logger.java:44] 用户【0:0:0:0:0:0:0:1】，在【2023-02-12 23:02:10】，访问了【com.xianj.community.service.UserService.findUserById】
2023-03-12 23:02:10,388 WARN [http-nio-8080-exec-4] c.x.c.a.ServiceLogAspect [Logger.java:44] 用户【0:0:0:0:0:0:0:1】，在【2023-02-12 23:02:10】，访问了【com.xianj.community.service.LikeService.findEntityLikeCount】
2023-03-12 23:02:10,389 WARN [http-nio-8080-exec-4] c.x.c.a.ServiceLogAspect [Logger.java:44] 用户【0:0:0:0:0:0:0:1】，在【2023-02-12 23:02:10】，访问了【com.xianj.community.service.CommentService.findCommentsByEntity】
2023-03-12 23:02:10,391 WARN [http-nio-8080-exec-4] c.x.c.a.ServiceLogAspect [Logger.java:44] 用户【0:0:0:0:0:0:0:1】，在【2023-02-12 23:02:10】，访问了【com.xianj.community.service.UserService.findUserById】
2023-03-12 23:02:10,391 WARN [http-nio-8080-exec-4] c.x.c.a.ServiceLogAspect [Logger.java:44] 用户【0:0:0:0:0:0:0:1】，在【2023-02-12 23:02:10】，访问了【com.xianj.community.service.CommentService.findCommentsByEntity】
2023-03-12 23:02:10,393 WARN [http-nio-8080-exec-4] c.x.c.a.ServiceLogAspect [Logger.java:44] 用户【0:0:0:0:0:0:0:1】，在【2023-02-12 23:02:10】，访问了【com.xianj.community.service.CommentService.findCommentRows】
2023-03-12 23:02:10,394 WARN [http-nio-8080-exec-4] c.x.c.a.ServiceLogAspect [Logger.java:44] 用户【0:0:0:0:0:0:0:1】，在【2023-02-12 23:02:10】，访问了【com.xianj.community.service.LikeService.findEntityLikeCount】
2023-03-12 23:02:10,394 WARN [http-nio-8080-exec-4] c.x.c.a.ServiceLogAspect [Logger.java:44] 用户【0:0:0:0:0:0:0:1】，在【2023-02-12 23:02:10】，访问了【com.xianj.community.service.UserService.findUserById】
2023-03-12 23:02:10,395 WARN [http-nio-8080-exec-4] c.x.c.a.ServiceLogAspect [Logger.java:44] 用户【0:0:0:0:0:0:0:1】，在【2023-02-12 23:02:10】，访问了【com.xianj.community.service.CommentService.findCommentsByEntity】
2023-03-12 23:02:10,396 WARN [http-nio-8080-exec-4] c.x.c.a.ServiceLogAspect [Logger.java:44] 用户【0:0:0:0:0:0:0:1】，在【2023-02-12 23:02:10】，访问了【com.xianj.community.service.CommentService.findCommentRows】
2023-03-12 23:02:10,397 WARN [http-nio-8080-exec-4] c.x.c.a.ServiceLogAspect [Logger.java:44] 用户【0:0:0:0:0:0:0:1】，在【2023-02-12 23:02:10】，访问了【com.xianj.community.service.LikeService.findEntityLikeCount】
2023-03-12 23:02:10,397 WARN [http-nio-8080-exec-4] c.x.c.a.ServiceLogAspect [Logger.java:44] 用户【0:0:0:0:0:0:0:1】，在【2023-02-12 23:02:10】，访问了【com.xianj.community.service.UserService.findUserById】
2023-03-12 23:02:10,398 WARN [http-nio-8080-exec-4] c.x.c.a.ServiceLogAspect [Logger.java:44] 用户【0:0:0:0:0:0:0:1】，在【2023-02-12 23:02:10】，访问了【com.xianj.community.service.CommentService.findCommentsByEntity】
2023-03-12 23:02:10,399 WARN [http-nio-8080-exec-4] c.x.c.a.ServiceLogAspect [Logger.java:44] 用户【0:0:0:0:0:0:0:1】，在【2023-02-12 23:02:10】，访问了【com.xianj.community.service.CommentService.findCommentRows】
2023-03-12 23:02:10,400 WARN [http-nio-8080-exec-4] c.x.c.a.ServiceLogAspect [Logger.java:44] 用户【0:0:0:0:0:0:0:1】，在【2023-02-12 23:02:10】，访问了【com.xianj.community.service.LikeService.findEntityLikeCount】
2023-03-12 23:02:10,400 WARN [http-nio-8080-exec-4] c.x.c.a.ServiceLogAspect [Logger.java:44] 用户【0:0:0:0:0:0:0:1】，在【2023-02-12 23:02:10】，访问了【com.xianj.community.service.UserService.findUserById】
2023-03-12 23:02:10,401 WARN [http-nio-8080-exec-4] c.x.c.a.ServiceLogAspect [Logger.java:44] 用户【0:0:0:0:0:0:0:1】，在【2023-02-12 23:02:10】，访问了【com.xianj.community.service.CommentService.findCommentsByEntity】
2023-03-12 23:02:10,402 WARN [http-nio-8080-exec-4] c.x.c.a.ServiceLogAspect [Logger.java:44] 用户【0:0:0:0:0:0:0:1】，在【2023-02-12 23:02:10】，访问了【com.xianj.community.service.CommentService.findCommentRows】
2023-03-12 23:02:10,403 WARN [http-nio-8080-exec-4] c.x.c.a.ServiceLogAspect [Logger.java:44] 用户【0:0:0:0:0:0:0:1】，在【2023-02-12 23:02:10】，访问了【com.xianj.community.service.LikeService.findEntityLikeCount】
2023-03-12 23:02:10,404 WARN [http-nio-8080-exec-4] c.x.c.a.ServiceLogAspect [Logger.java:44] 用户【0:0:0:0:0:0:0:1】，在【2023-02-12 23:02:10】，访问了【com.xianj.community.service.UserService.findUserById】
2023-03-12 23:02:10,404 WARN [http-nio-8080-exec-4] c.x.c.a.ServiceLogAspect [Logger.java:44] 用户【0:0:0:0:0:0:0:1】，在【2023-02-12 23:02:10】，访问了【com.xianj.community.service.CommentService.findCommentsByEntity】
2023-03-12 23:02:10,405 WARN [http-nio-8080-exec-4] c.x.c.a.ServiceLogAspect [Logger.java:44] 用户【0:0:0:0:0:0:0:1】，在【2023-02-12 23:02:10】，访问了【com.xianj.community.service.CommentService.findCommentRows】
2023-03-12 23:02:10,406 WARN [http-nio-8080-exec-4] c.x.c.a.ServiceLogAspect [Logger.java:44] 用户【0:0:0:0:0:0:0:1】，在【2023-02-12 23:02:10】，访问了【com.xianj.community.service.LikeService.findEntityLikeCount】
2023-03-12 23:02:12,347 WARN [http-nio-8080-exec-7] c.x.c.a.ServiceLogAspect [Logger.java:44] 用户【0:0:0:0:0:0:0:1】，在【2023-02-12 23:02:12】，访问了【com.xianj.community.service.DiscussPostService.findDiscussPostRows】
2023-03-12 23:02:12,349 WARN [http-nio-8080-exec-7] c.x.c.a.ServiceLogAspect [Logger.java:44] 用户【0:0:0:0:0:0:0:1】，在【2023-02-12 23:02:12】，访问了【com.xianj.community.service.DiscussPostService.findDiscussPosts】
2023-03-12 23:02:12,353 WARN [http-nio-8080-exec-7] c.x.c.a.ServiceLogAspect [Logger.java:44] 用户【0:0:0:0:0:0:0:1】，在【2023-02-12 23:02:12】，访问了【com.xianj.community.service.UserService.findUserById】
2023-03-12 23:02:12,353 WARN [http-nio-8080-exec-7] c.x.c.a.ServiceLogAspect [Logger.java:44] 用户【0:0:0:0:0:0:0:1】，在【2023-02-12 23:02:12】，访问了【com.xianj.community.service.LikeService.findEntityLikeCount】
2023-03-12 23:02:12,354 WARN [http-nio-8080-exec-7] c.x.c.a.ServiceLogAspect [Logger.java:44] 用户【0:0:0:0:0:0:0:1】，在【2023-02-12 23:02:12】，访问了【com.xianj.community.service.UserService.findUserById】
2023-03-12 23:02:12,354 WARN [http-nio-8080-exec-7] c.x.c.a.ServiceLogAspect [Logger.java:44] 用户【0:0:0:0:0:0:0:1】，在【2023-02-12 23:02:12】，访问了【com.xianj.community.service.LikeService.findEntityLikeCount】
2023-03-12 23:02:12,355 WARN [http-nio-8080-exec-7] c.x.c.a.ServiceLogAspect [Logger.java:44] 用户【0:0:0:0:0:0:0:1】，在【2023-02-12 23:02:12】，访问了【com.xianj.community.service.UserService.findUserById】
2023-03-12 23:02:12,355 WARN [http-nio-8080-exec-7] c.x.c.a.ServiceLogAspect [Logger.java:44] 用户【0:0:0:0:0:0:0:1】，在【2023-02-12 23:02:12】，访问了【com.xianj.community.service.LikeService.findEntityLikeCount】
2023-03-12 23:02:12,356 WARN [http-nio-8080-exec-7] c.x.c.a.ServiceLogAspect [Logger.java:44] 用户【0:0:0:0:0:0:0:1】，在【2023-02-12 23:02:12】，访问了【com.xianj.community.service.UserService.findUserById】
2023-03-12 23:02:12,356 WARN [http-nio-8080-exec-7] c.x.c.a.ServiceLogAspect [Logger.java:44] 用户【0:0:0:0:0:0:0:1】，在【2023-02-12 23:02:12】，访问了【com.xianj.community.service.LikeService.findEntityLikeCount】
2023-03-12 23:02:12,356 WARN [http-nio-8080-exec-7] c.x.c.a.ServiceLogAspect [Logger.java:44] 用户【0:0:0:0:0:0:0:1】，在【2023-02-12 23:02:12】，访问了【com.xianj.community.service.UserService.findUserById】
2023-03-12 23:02:12,357 WARN [http-nio-8080-exec-7] c.x.c.a.ServiceLogAspect [Logger.java:44] 用户【0:0:0:0:0:0:0:1】，在【2023-02-12 23:02:12】，访问了【com.xianj.community.service.LikeService.findEntityLikeCount】
2023-03-12 23:02:12,357 WARN [http-nio-8080-exec-7] c.x.c.a.ServiceLogAspect [Logger.java:44] 用户【0:0:0:0:0:0:0:1】，在【2023-02-12 23:02:12】，访问了【com.xianj.community.service.UserService.findUserById】
2023-03-12 23:02:12,358 WARN [http-nio-8080-exec-7] c.x.c.a.ServiceLogAspect [Logger.java:44] 用户【0:0:0:0:0:0:0:1】，在【2023-02-12 23:02:12】，访问了【com.xianj.community.service.LikeService.findEntityLikeCount】
2023-03-12 23:02:12,358 WARN [http-nio-8080-exec-7] c.x.c.a.ServiceLogAspect [Logger.java:44] 用户【0:0:0:0:0:0:0:1】，在【2023-02-12 23:02:12】，访问了【com.xianj.community.service.UserService.findUserById】
2023-03-12 23:02:12,359 WARN [http-nio-8080-exec-7] c.x.c.a.ServiceLogAspect [Logger.java:44] 用户【0:0:0:0:0:0:0:1】，在【2023-02-12 23:02:12】，访问了【com.xianj.community.service.LikeService.findEntityLikeCount】
2023-03-12 23:02:12,359 WARN [http-nio-8080-exec-7] c.x.c.a.ServiceLogAspect [Logger.java:44] 用户【0:0:0:0:0:0:0:1】，在【2023-02-12 23:02:12】，访问了【com.xianj.community.service.UserService.findUserById】
2023-03-12 23:02:12,360 WARN [http-nio-8080-exec-7] c.x.c.a.ServiceLogAspect [Logger.java:44] 用户【0:0:0:0:0:0:0:1】，在【2023-02-12 23:02:12】，访问了【com.xianj.community.service.LikeService.findEntityLikeCount】
2023-03-12 23:02:12,360 WARN [http-nio-8080-exec-7] c.x.c.a.ServiceLogAspect [Logger.java:44] 用户【0:0:0:0:0:0:0:1】，在【2023-02-12 23:02:12】，访问了【com.xianj.community.service.UserService.findUserById】
2023-03-12 23:02:12,360 WARN [http-nio-8080-exec-7] c.x.c.a.ServiceLogAspect [Logger.java:44] 用户【0:0:0:0:0:0:0:1】，在【2023-02-12 23:02:12】，访问了【com.xianj.community.service.LikeService.findEntityLikeCount】
2023-03-12 23:02:12,361 WARN [http-nio-8080-exec-7] c.x.c.a.ServiceLogAspect [Logger.java:44] 用户【0:0:0:0:0:0:0:1】，在【2023-02-12 23:02:12】，访问了【com.xianj.community.service.UserService.findUserById】
2023-03-12 23:02:12,361 WARN [http-nio-8080-exec-7] c.x.c.a.ServiceLogAspect [Logger.java:44] 用户【0:0:0:0:0:0:0:1】，在【2023-02-12 23:02:12】，访问了【com.xianj.community.service.LikeService.findEntityLikeCount】
2023-03-12 23:02:18,240 WARN [http-nio-8080-exec-8] c.x.c.a.ServiceLogAspect [Logger.java:44] 用户【0:0:0:0:0:0:0:1】，在【2023-02-12 23:02:18】，访问了【com.xianj.community.service.UserService.login】
2023-03-12 23:02:18,252 WARN [http-nio-8080-exec-10] c.x.c.a.ServiceLogAspect [Logger.java:44] 用户【0:0:0:0:0:0:0:1】，在【2023-02-12 23:02:18】，访问了【com.xianj.community.service.UserService.findLoginTicket】
2023-03-12 23:02:18,253 WARN [http-nio-8080-exec-10] c.x.c.a.ServiceLogAspect [Logger.java:44] 用户【0:0:0:0:0:0:0:1】，在【2023-02-12 23:02:18】，访问了【com.xianj.community.service.UserService.findUserById】
2023-03-12 23:02:18,255 WARN [http-nio-8080-exec-10] c.x.c.a.ServiceLogAspect [Logger.java:44] 用户【0:0:0:0:0:0:0:1】，在【2023-02-12 23:02:18】，访问了【com.xianj.community.service.UserService.getAuthorities】
2023-03-12 23:02:18,256 WARN [http-nio-8080-exec-10] c.x.c.a.ServiceLogAspect [Logger.java:44] 用户【0:0:0:0:0:0:0:1】，在【2023-02-12 23:02:18】，访问了【com.xianj.community.service.DiscussPostService.findDiscussPostRows】
2023-03-12 23:02:18,258 WARN [http-nio-8080-exec-10] c.x.c.a.ServiceLogAspect [Logger.java:44] 用户【0:0:0:0:0:0:0:1】，在【2023-02-12 23:02:18】，访问了【com.xianj.community.service.DiscussPostService.findDiscussPosts】
2023-03-12 23:02:18,260 WARN [http-nio-8080-exec-10] c.x.c.a.ServiceLogAspect [Logger.java:44] 用户【0:0:0:0:0:0:0:1】，在【2023-02-12 23:02:18】，访问了【com.xianj.community.service.UserService.findUserById】
2023-03-12 23:02:18,260 WARN [http-nio-8080-exec-10] c.x.c.a.ServiceLogAspect [Logger.java:44] 用户【0:0:0:0:0:0:0:1】，在【2023-02-12 23:02:18】，访问了【com.xianj.community.service.LikeService.findEntityLikeCount】
2023-03-12 23:02:18,261 WARN [http-nio-8080-exec-10] c.x.c.a.ServiceLogAspect [Logger.java:44] 用户【0:0:0:0:0:0:0:1】，在【2023-02-12 23:02:18】，访问了【com.xianj.community.service.LikeService.findLikeStatus】
2023-03-12 23:02:18,264 WARN [http-nio-8080-exec-10] c.x.c.a.ServiceLogAspect [Logger.java:44] 用户【0:0:0:0:0:0:0:1】，在【2023-02-12 23:02:18】，访问了【com.xianj.community.service.UserService.findUserById】
2023-03-12 23:02:18,265 WARN [http-nio-8080-exec-10] c.x.c.a.ServiceLogAspect [Logger.java:44] 用户【0:0:0:0:0:0:0:1】，在【2023-02-12 23:02:18】，访问了【com.xianj.community.service.LikeService.findEntityLikeCount】
2023-03-12 23:02:18,265 WARN [http-nio-8080-exec-10] c.x.c.a.ServiceLogAspect [Logger.java:44] 用户【0:0:0:0:0:0:0:1】，在【2023-02-12 23:02:18】，访问了【com.xianj.community.service.LikeService.findLikeStatus】
2023-03-12 23:02:18,265 WARN [http-nio-8080-exec-10] c.x.c.a.ServiceLogAspect [Logger.java:44] 用户【0:0:0:0:0:0:0:1】，在【2023-02-12 23:02:18】，访问了【com.xianj.community.service.UserService.findUserById】
2023-03-12 23:02:18,266 WARN [http-nio-8080-exec-10] c.x.c.a.ServiceLogAspect [Logger.java:44] 用户【0:0:0:0:0:0:0:1】，在【2023-02-12 23:02:18】，访问了【com.xianj.community.service.LikeService.findEntityLikeCount】
2023-03-12 23:02:18,266 WARN [http-nio-8080-exec-10] c.x.c.a.ServiceLogAspect [Logger.java:44] 用户【0:0:0:0:0:0:0:1】，在【2023-02-12 23:02:18】，访问了【com.xianj.community.service.LikeService.findLikeStatus】
2023-03-12 23:02:18,266 WARN [http-nio-8080-exec-10] c.x.c.a.ServiceLogAspect [Logger.java:44] 用户【0:0:0:0:0:0:0:1】，在【2023-02-12 23:02:18】，访问了【com.xianj.community.service.UserService.findUserById】
2023-03-12 23:02:18,267 WARN [http-nio-8080-exec-10] c.x.c.a.ServiceLogAspect [Logger.java:44] 用户【0:0:0:0:0:0:0:1】，在【2023-02-12 23:02:18】，访问了【com.xianj.community.service.LikeService.findEntityLikeCount】
2023-03-12 23:02:18,267 WARN [http-nio-8080-exec-10] c.x.c.a.ServiceLogAspect [Logger.java:44] 用户【0:0:0:0:0:0:0:1】，在【2023-02-12 23:02:18】，访问了【com.xianj.community.service.LikeService.findLikeStatus】
2023-03-12 23:02:18,268 WARN [http-nio-8080-exec-10] c.x.c.a.ServiceLogAspect [Logger.java:44] 用户【0:0:0:0:0:0:0:1】，在【2023-02-12 23:02:18】，访问了【com.xianj.community.service.UserService.findUserById】
2023-03-12 23:02:18,268 WARN [http-nio-8080-exec-10] c.x.c.a.ServiceLogAspect [Logger.java:44] 用户【0:0:0:0:0:0:0:1】，在【2023-02-12 23:02:18】，访问了【com.xianj.community.service.LikeService.findEntityLikeCount】
2023-03-12 23:02:18,268 WARN [http-nio-8080-exec-10] c.x.c.a.ServiceLogAspect [Logger.java:44] 用户【0:0:0:0:0:0:0:1】，在【2023-02-12 23:02:18】，访问了【com.xianj.community.service.LikeService.findLikeStatus】
2023-03-12 23:02:18,269 WARN [http-nio-8080-exec-10] c.x.c.a.ServiceLogAspect [Logger.java:44] 用户【0:0:0:0:0:0:0:1】，在【2023-02-12 23:02:18】，访问了【com.xianj.community.service.UserService.findUserById】
2023-03-12 23:02:18,269 WARN [http-nio-8080-exec-10] c.x.c.a.ServiceLogAspect [Logger.java:44] 用户【0:0:0:0:0:0:0:1】，在【2023-02-12 23:02:18】，访问了【com.xianj.community.service.LikeService.findEntityLikeCount】
2023-03-12 23:02:18,269 WARN [http-nio-8080-exec-10] c.x.c.a.ServiceLogAspect [Logger.java:44] 用户【0:0:0:0:0:0:0:1】，在【2023-02-12 23:02:18】，访问了【com.xianj.community.service.LikeService.findLikeStatus】
2023-03-12 23:02:18,269 WARN [http-nio-8080-exec-10] c.x.c.a.ServiceLogAspect [Logger.java:44] 用户【0:0:0:0:0:0:0:1】，在【2023-02-12 23:02:18】，访问了【com.xianj.community.service.UserService.findUserById】
2023-03-12 23:02:18,270 WARN [http-nio-8080-exec-10] c.x.c.a.ServiceLogAspect [Logger.java:44] 用户【0:0:0:0:0:0:0:1】，在【2023-02-12 23:02:18】，访问了【com.xianj.community.service.LikeService.findEntityLikeCount】
2023-03-12 23:02:18,270 WARN [http-nio-8080-exec-10] c.x.c.a.ServiceLogAspect [Logger.java:44] 用户【0:0:0:0:0:0:0:1】，在【2023-02-12 23:02:18】，访问了【com.xianj.community.service.LikeService.findLikeStatus】
2023-03-12 23:02:18,270 WARN [http-nio-8080-exec-10] c.x.c.a.ServiceLogAspect [Logger.java:44] 用户【0:0:0:0:0:0:0:1】，在【2023-02-12 23:02:18】，访问了【com.xianj.community.service.UserService.findUserById】
2023-03-12 23:02:18,271 WARN [http-nio-8080-exec-10] c.x.c.a.ServiceLogAspect [Logger.java:44] 用户【0:0:0:0:0:0:0:1】，在【2023-02-12 23:02:18】，访问了【com.xianj.community.service.LikeService.findEntityLikeCount】
2023-03-12 23:02:18,271 WARN [http-nio-8080-exec-10] c.x.c.a.ServiceLogAspect [Logger.java:44] 用户【0:0:0:0:0:0:0:1】，在【2023-02-12 23:02:18】，访问了【com.xianj.community.service.LikeService.findLikeStatus】
2023-03-12 23:02:18,272 WARN [http-nio-8080-exec-10] c.x.c.a.ServiceLogAspect [Logger.java:44] 用户【0:0:0:0:0:0:0:1】，在【2023-02-12 23:02:18】，访问了【com.xianj.community.service.UserService.findUserById】
2023-03-12 23:02:18,272 WARN [http-nio-8080-exec-10] c.x.c.a.ServiceLogAspect [Logger.java:44] 用户【0:0:0:0:0:0:0:1】，在【2023-02-12 23:02:18】，访问了【com.xianj.community.service.LikeService.findEntityLikeCount】
2023-03-12 23:02:18,272 WARN [http-nio-8080-exec-10] c.x.c.a.ServiceLogAspect [Logger.java:44] 用户【0:0:0:0:0:0:0:1】，在【2023-02-12 23:02:18】，访问了【com.xianj.community.service.LikeService.findLikeStatus】
2023-03-12 23:02:18,272 WARN [http-nio-8080-exec-10] c.x.c.a.ServiceLogAspect [Logger.java:44] 用户【0:0:0:0:0:0:0:1】，在【2023-02-12 23:02:18】，访问了【com.xianj.community.service.UserService.findUserById】
2023-03-12 23:02:18,273 WARN [http-nio-8080-exec-10] c.x.c.a.ServiceLogAspect [Logger.java:44] 用户【0:0:0:0:0:0:0:1】，在【2023-02-12 23:02:18】，访问了【com.xianj.community.service.LikeService.findEntityLikeCount】
2023-03-12 23:02:18,273 WARN [http-nio-8080-exec-10] c.x.c.a.ServiceLogAspect [Logger.java:44] 用户【0:0:0:0:0:0:0:1】，在【2023-02-12 23:02:18】，访问了【com.xianj.community.service.LikeService.findLikeStatus】
2023-03-12 23:02:18,273 WARN [http-nio-8080-exec-10] c.x.c.a.ServiceLogAspect [Logger.java:44] 用户【0:0:0:0:0:0:0:1】，在【2023-02-12 23:02:18】，访问了【com.xianj.community.service.MessageService.findMessageUnreadCount】
2023-03-12 23:02:18,288 WARN [http-nio-8080-exec-10] c.x.c.a.ServiceLogAspect [Logger.java:44] 用户【0:0:0:0:0:0:0:1】，在【2023-02-12 23:02:18】，访问了【com.xianj.community.service.MessageService.findUnreadNoticeCount】
2023-03-12 23:02:22,570 WARN [http-nio-8080-exec-4] c.x.c.a.ServiceLogAspect [Logger.java:44] 用户【0:0:0:0:0:0:0:1】，在【2023-02-12 23:02:22】，访问了【com.xianj.community.service.UserService.findLoginTicket】
2023-03-12 23:02:22,571 WARN [http-nio-8080-exec-4] c.x.c.a.ServiceLogAspect [Logger.java:44] 用户【0:0:0:0:0:0:0:1】，在【2023-02-12 23:02:22】，访问了【com.xianj.community.service.UserService.findUserById】
2023-03-12 23:02:22,572 WARN [http-nio-8080-exec-4] c.x.c.a.ServiceLogAspect [Logger.java:44] 用户【0:0:0:0:0:0:0:1】，在【2023-02-12 23:02:22】，访问了【com.xianj.community.service.UserService.getAuthorities】
2023-03-12 23:02:22,573 WARN [http-nio-8080-exec-4] c.x.c.a.ServiceLogAspect [Logger.java:44] 用户【0:0:0:0:0:0:0:1】，在【2023-02-12 23:02:22】，访问了【com.xianj.community.service.MessageService.findMessageUnreadCount】
2023-03-12 23:02:22,575 WARN [http-nio-8080-exec-4] c.x.c.a.ServiceLogAspect [Logger.java:44] 用户【0:0:0:0:0:0:0:1】，在【2023-02-12 23:02:22】，访问了【com.xianj.community.service.MessageService.findUnreadNoticeCount】
2023-03-12 23:02:24,253 WARN [http-nio-8080-exec-1] c.x.c.a.ServiceLogAspect [Logger.java:44] 用户【0:0:0:0:0:0:0:1】，在【2023-02-12 23:02:24】，访问了【com.xianj.community.service.UserService.findLoginTicket】
2023-03-12 23:02:24,254 WARN [http-nio-8080-exec-1] c.x.c.a.ServiceLogAspect [Logger.java:44] 用户【0:0:0:0:0:0:0:1】，在【2023-02-12 23:02:24】，访问了【com.xianj.community.service.UserService.findUserById】
2023-03-12 23:02:24,254 WARN [http-nio-8080-exec-1] c.x.c.a.ServiceLogAspect [Logger.java:44] 用户【0:0:0:0:0:0:0:1】，在【2023-02-12 23:02:24】，访问了【com.xianj.community.service.UserService.getAuthorities】
2023-03-12 23:02:24,257 WARN [http-nio-8080-exec-1] c.x.c.a.ServiceLogAspect [Logger.java:44] 用户【0:0:0:0:0:0:0:1】，在【2023-02-12 23:02:24】，访问了【com.xianj.community.service.MessageService.findConversationCount】
2023-03-12 23:02:24,324 WARN [http-nio-8080-exec-1] c.x.c.a.ServiceLogAspect [Logger.java:44] 用户【0:0:0:0:0:0:0:1】，在【2023-02-12 23:02:24】，访问了【com.xianj.community.service.MessageService.findConversations】
2023-03-12 23:02:24,328 WARN [http-nio-8080-exec-1] c.x.c.a.ServiceLogAspect [Logger.java:44] 用户【0:0:0:0:0:0:0:1】，在【2023-02-12 23:02:24】，访问了【com.xianj.community.service.MessageService.findMessageCountForSingleConv】
2023-03-12 23:02:24,329 WARN [http-nio-8080-exec-1] c.x.c.a.ServiceLogAspect [Logger.java:44] 用户【0:0:0:0:0:0:0:1】，在【2023-02-12 23:02:24】，访问了【com.xianj.community.service.MessageService.findMessageUnreadCount】
2023-03-12 23:02:24,331 WARN [http-nio-8080-exec-1] c.x.c.a.ServiceLogAspect [Logger.java:44] 用户【0:0:0:0:0:0:0:1】，在【2023-02-12 23:02:24】，访问了【com.xianj.community.service.UserService.findUserById】
2023-03-12 23:02:24,331 WARN [http-nio-8080-exec-1] c.x.c.a.ServiceLogAspect [Logger.java:44] 用户【0:0:0:0:0:0:0:1】，在【2023-02-12 23:02:24】，访问了【com.xianj.community.service.MessageService.findMessageCountForSingleConv】
2023-03-12 23:02:24,332 WARN [http-nio-8080-exec-1] c.x.c.a.ServiceLogAspect [Logger.java:44] 用户【0:0:0:0:0:0:0:1】，在【2023-02-12 23:02:24】，访问了【com.xianj.community.service.MessageService.findMessageUnreadCount】
2023-03-12 23:02:24,333 WARN [http-nio-8080-exec-1] c.x.c.a.ServiceLogAspect [Logger.java:44] 用户【0:0:0:0:0:0:0:1】，在【2023-02-12 23:02:24】，访问了【com.xianj.community.service.UserService.findUserById】
2023-03-12 23:02:24,336 WARN [http-nio-8080-exec-1] c.x.c.a.ServiceLogAspect [Logger.java:44] 用户【0:0:0:0:0:0:0:1】，在【2023-02-12 23:02:24】，访问了【com.xianj.community.service.MessageService.findMessageCountForSingleConv】
2023-03-12 23:02:24,337 WARN [http-nio-8080-exec-1] c.x.c.a.ServiceLogAspect [Logger.java:44] 用户【0:0:0:0:0:0:0:1】，在【2023-02-12 23:02:24】，访问了【com.xianj.community.service.MessageService.findMessageUnreadCount】
2023-03-12 23:02:24,338 WARN [http-nio-8080-exec-1] c.x.c.a.ServiceLogAspect [Logger.java:44] 用户【0:0:0:0:0:0:0:1】，在【2023-02-12 23:02:24】，访问了【com.xianj.community.service.UserService.findUserById】
2023-03-12 23:02:24,339 WARN [http-nio-8080-exec-1] c.x.c.a.ServiceLogAspect [Logger.java:44] 用户【0:0:0:0:0:0:0:1】，在【2023-02-12 23:02:24】，访问了【com.xianj.community.service.MessageService.findMessageCountForSingleConv】
2023-03-12 23:02:24,340 WARN [http-nio-8080-exec-1] c.x.c.a.ServiceLogAspect [Logger.java:44] 用户【0:0:0:0:0:0:0:1】，在【2023-02-12 23:02:24】，访问了【com.xianj.community.service.MessageService.findMessageUnreadCount】
2023-03-12 23:02:24,341 WARN [http-nio-8080-exec-1] c.x.c.a.ServiceLogAspect [Logger.java:44] 用户【0:0:0:0:0:0:0:1】，在【2023-02-12 23:02:24】，访问了【com.xianj.community.service.UserService.findUserById】
2023-03-12 23:02:24,341 WARN [http-nio-8080-exec-1] c.x.c.a.ServiceLogAspect [Logger.java:44] 用户【0:0:0:0:0:0:0:1】，在【2023-02-12 23:02:24】，访问了【com.xianj.community.service.MessageService.findMessageCountForSingleConv】
2023-03-12 23:02:24,343 WARN [http-nio-8080-exec-1] c.x.c.a.ServiceLogAspect [Logger.java:44] 用户【0:0:0:0:0:0:0:1】，在【2023-02-12 23:02:24】，访问了【com.xianj.community.service.MessageService.findMessageUnreadCount】
2023-03-12 23:02:24,344 WARN [http-nio-8080-exec-1] c.x.c.a.ServiceLogAspect [Logger.java:44] 用户【0:0:0:0:0:0:0:1】，在【2023-02-12 23:02:24】，访问了【com.xianj.community.service.UserService.findUserById】
2023-03-12 23:02:24,347 WARN [http-nio-8080-exec-1] c.x.c.a.ServiceLogAspect [Logger.java:44] 用户【0:0:0:0:0:0:0:1】，在【2023-02-12 23:02:24】，访问了【com.xianj.community.service.MessageService.findUnreadNoticeCount】
2023-03-12 23:02:24,348 WARN [http-nio-8080-exec-1] c.x.c.a.ServiceLogAspect [Logger.java:44] 用户【0:0:0:0:0:0:0:1】，在【2023-02-12 23:02:24】，访问了【com.xianj.community.service.MessageService.findMessageUnreadCount】
2023-03-12 23:02:24,349 WARN [http-nio-8080-exec-1] c.x.c.a.ServiceLogAspect [Logger.java:44] 用户【0:0:0:0:0:0:0:1】，在【2023-02-12 23:02:24】，访问了【com.xianj.community.service.MessageService.findMessageUnreadCount】
2023-03-12 23:02:24,350 WARN [http-nio-8080-exec-1] c.x.c.a.ServiceLogAspect [Logger.java:44] 用户【0:0:0:0:0:0:0:1】，在【2023-02-12 23:02:24】，访问了【com.xianj.community.service.MessageService.findUnreadNoticeCount】
2023-03-12 23:02:41,563 WARN [http-nio-8080-exec-8] c.x.c.a.ServiceLogAspect [Logger.java:44] 用户【0:0:0:0:0:0:0:1】，在【2023-02-12 23:02:41】，访问了【com.xianj.community.service.UserService.findLoginTicket】
2023-03-12 23:02:41,564 WARN [http-nio-8080-exec-8] c.x.c.a.ServiceLogAspect [Logger.java:44] 用户【0:0:0:0:0:0:0:1】，在【2023-02-12 23:02:41】，访问了【com.xianj.community.service.UserService.findUserById】
2023-03-12 23:02:41,565 WARN [http-nio-8080-exec-8] c.x.c.a.ServiceLogAspect [Logger.java:44] 用户【0:0:0:0:0:0:0:1】，在【2023-02-12 23:02:41】，访问了【com.xianj.community.service.UserService.getAuthorities】
2023-03-12 23:02:41,567 WARN [http-nio-8080-exec-8] c.x.c.a.ServiceLogAspect [Logger.java:44] 用户【0:0:0:0:0:0:0:1】，在【2023-02-12 23:02:41】，访问了【com.xianj.community.service.MessageService.findConversationCount】
2023-03-12 23:02:41,569 WARN [http-nio-8080-exec-8] c.x.c.a.ServiceLogAspect [Logger.java:44] 用户【0:0:0:0:0:0:0:1】，在【2023-02-12 23:02:41】，访问了【com.xianj.community.service.MessageService.findConversations】
2023-03-12 23:02:41,572 WARN [http-nio-8080-exec-8] c.x.c.a.ServiceLogAspect [Logger.java:44] 用户【0:0:0:0:0:0:0:1】，在【2023-02-12 23:02:41】，访问了【com.xianj.community.service.MessageService.findMessageCountForSingleConv】
2023-03-12 23:02:41,573 WARN [http-nio-8080-exec-8] c.x.c.a.ServiceLogAspect [Logger.java:44] 用户【0:0:0:0:0:0:0:1】，在【2023-02-12 23:02:41】，访问了【com.xianj.community.service.MessageService.findMessageUnreadCount】
2023-03-12 23:02:41,574 WARN [http-nio-8080-exec-8] c.x.c.a.ServiceLogAspect [Logger.java:44] 用户【0:0:0:0:0:0:0:1】，在【2023-02-12 23:02:41】，访问了【com.xianj.community.service.UserService.findUserById】
2023-03-12 23:02:41,575 WARN [http-nio-8080-exec-8] c.x.c.a.ServiceLogAspect [Logger.java:44] 用户【0:0:0:0:0:0:0:1】，在【2023-02-12 23:02:41】，访问了【com.xianj.community.service.MessageService.findMessageCountForSingleConv】
2023-03-12 23:02:41,576 WARN [http-nio-8080-exec-8] c.x.c.a.ServiceLogAspect [Logger.java:44] 用户【0:0:0:0:0:0:0:1】，在【2023-02-12 23:02:41】，访问了【com.xianj.community.service.MessageService.findMessageUnreadCount】
2023-03-12 23:02:41,577 WARN [http-nio-8080-exec-8] c.x.c.a.ServiceLogAspect [Logger.java:44] 用户【0:0:0:0:0:0:0:1】，在【2023-02-12 23:02:41】，访问了【com.xianj.community.service.UserService.findUserById】
2023-03-12 23:02:41,578 WARN [http-nio-8080-exec-8] c.x.c.a.ServiceLogAspect [Logger.java:44] 用户【0:0:0:0:0:0:0:1】，在【2023-02-12 23:02:41】，访问了【com.xianj.community.service.MessageService.findMessageCountForSingleConv】
2023-03-12 23:02:41,579 WARN [http-nio-8080-exec-8] c.x.c.a.ServiceLogAspect [Logger.java:44] 用户【0:0:0:0:0:0:0:1】，在【2023-02-12 23:02:41】，访问了【com.xianj.community.service.MessageService.findMessageUnreadCount】
2023-03-12 23:02:41,580 WARN [http-nio-8080-exec-8] c.x.c.a.ServiceLogAspect [Logger.java:44] 用户【0:0:0:0:0:0:0:1】，在【2023-02-12 23:02:41】，访问了【com.xianj.community.service.UserService.findUserById】
2023-03-12 23:02:41,581 WARN [http-nio-8080-exec-8] c.x.c.a.ServiceLogAspect [Logger.java:44] 用户【0:0:0:0:0:0:0:1】，在【2023-02-12 23:02:41】，访问了【com.xianj.community.service.MessageService.findMessageCountForSingleConv】
2023-03-12 23:02:41,582 WARN [http-nio-8080-exec-8] c.x.c.a.ServiceLogAspect [Logger.java:44] 用户【0:0:0:0:0:0:0:1】，在【2023-02-12 23:02:41】，访问了【com.xianj.community.service.MessageService.findMessageUnreadCount】
2023-03-12 23:02:41,583 WARN [http-nio-8080-exec-8] c.x.c.a.ServiceLogAspect [Logger.java:44] 用户【0:0:0:0:0:0:0:1】，在【2023-02-12 23:02:41】，访问了【com.xianj.community.service.UserService.findUserById】
2023-03-12 23:02:41,584 WARN [http-nio-8080-exec-8] c.x.c.a.ServiceLogAspect [Logger.java:44] 用户【0:0:0:0:0:0:0:1】，在【2023-02-12 23:02:41】，访问了【com.xianj.community.service.MessageService.findMessageCountForSingleConv】
2023-03-12 23:02:41,585 WARN [http-nio-8080-exec-8] c.x.c.a.ServiceLogAspect [Logger.java:44] 用户【0:0:0:0:0:0:0:1】，在【2023-02-12 23:02:41】，访问了【com.xianj.community.service.MessageService.findMessageUnreadCount】
2023-03-12 23:02:41,586 WARN [http-nio-8080-exec-8] c.x.c.a.ServiceLogAspect [Logger.java:44] 用户【0:0:0:0:0:0:0:1】，在【2023-02-12 23:02:41】，访问了【com.xianj.community.service.UserService.findUserById】
2023-03-12 23:02:41,587 WARN [http-nio-8080-exec-8] c.x.c.a.ServiceLogAspect [Logger.java:44] 用户【0:0:0:0:0:0:0:1】，在【2023-02-12 23:02:41】，访问了【com.xianj.community.service.MessageService.findUnreadNoticeCount】
2023-03-12 23:02:41,588 WARN [http-nio-8080-exec-8] c.x.c.a.ServiceLogAspect [Logger.java:44] 用户【0:0:0:0:0:0:0:1】，在【2023-02-12 23:02:41】，访问了【com.xianj.community.service.MessageService.findMessageUnreadCount】
2023-03-12 23:02:41,589 WARN [http-nio-8080-exec-8] c.x.c.a.ServiceLogAspect [Logger.java:44] 用户【0:0:0:0:0:0:0:1】，在【2023-02-12 23:02:41】，访问了【com.xianj.community.service.MessageService.findMessageUnreadCount】
2023-03-12 23:02:41,591 WARN [http-nio-8080-exec-8] c.x.c.a.ServiceLogAspect [Logger.java:44] 用户【0:0:0:0:0:0:0:1】，在【2023-02-12 23:02:41】，访问了【com.xianj.community.service.MessageService.findUnreadNoticeCount】
2023-03-12 23:04:07,055 WARN [restartedMain] o.a.c.c.C.[.[.[/community] [DirectJDKLog.java:173] Cannot deserialize session attribute [SPRING_SECURITY_CONTEXT] for session [4A51A409C933532C64F51975984CA91F]
2023-03-12 23:04:13,167 WARN [http-nio-8080-exec-2] c.x.c.a.ServiceLogAspect [Logger.java:44] 用户【0:0:0:0:0:0:0:1】，在【2023-04-12 23:04:13】，访问了【com.xianj.community.service.UserService.findLoginTicket】
2023-03-12 23:04:13,337 WARN [http-nio-8080-exec-2] c.x.c.a.ServiceLogAspect [Logger.java:44] 用户【0:0:0:0:0:0:0:1】，在【2023-04-12 23:04:13】，访问了【com.xianj.community.service.UserService.findUserById】
2023-03-12 23:04:13,342 WARN [http-nio-8080-exec-2] c.x.c.a.ServiceLogAspect [Logger.java:44] 用户【0:0:0:0:0:0:0:1】，在【2023-04-12 23:04:13】，访问了【com.xianj.community.service.UserService.getAuthorities】
2023-03-12 23:04:13,352 WARN [http-nio-8080-exec-2] c.x.c.a.ServiceLogAspect [Logger.java:44] 用户【0:0:0:0:0:0:0:1】，在【2023-04-12 23:04:13】，访问了【com.xianj.community.service.MessageService.findMessageUnreadCount】
2023-03-12 23:04:13,538 WARN [http-nio-8080-exec-2] c.x.c.a.ServiceLogAspect [Logger.java:44] 用户【0:0:0:0:0:0:0:1】，在【2023-04-12 23:04:13】，访问了【com.xianj.community.service.MessageService.findUnreadNoticeCount】
2023-03-12 23:04:13,760 WARN [http-nio-8080-exec-7] c.x.c.a.ServiceLogAspect [Logger.java:44] 用户【0:0:0:0:0:0:0:1】，在【2023-04-12 23:04:13】，访问了【com.xianj.community.service.UserService.findLoginTicket】
2023-03-12 23:04:13,762 WARN [http-nio-8080-exec-7] c.x.c.a.ServiceLogAspect [Logger.java:44] 用户【0:0:0:0:0:0:0:1】，在【2023-04-12 23:04:13】，访问了【com.xianj.community.service.UserService.findUserById】
2023-03-12 23:04:13,765 WARN [http-nio-8080-exec-7] c.x.c.a.ServiceLogAspect [Logger.java:44] 用户【0:0:0:0:0:0:0:1】，在【2023-04-12 23:04:13】，访问了【com.xianj.community.service.UserService.getAuthorities】
2023-03-12 23:04:21,821 WARN [http-nio-8080-exec-8] c.x.c.a.ServiceLogAspect [Logger.java:44] 用户【0:0:0:0:0:0:0:1】，在【2023-04-12 23:04:21】，访问了【com.xianj.community.service.UserService.findLoginTicket】
2023-03-12 23:04:21,822 WARN [http-nio-8080-exec-8] c.x.c.a.ServiceLogAspect [Logger.java:44] 用户【0:0:0:0:0:0:0:1】，在【2023-04-12 23:04:21】，访问了【com.xianj.community.service.UserService.findUserById】
2023-03-12 23:04:21,823 WARN [http-nio-8080-exec-8] c.x.c.a.ServiceLogAspect [Logger.java:44] 用户【0:0:0:0:0:0:0:1】，在【2023-04-12 23:04:21】，访问了【com.xianj.community.service.UserService.getAuthorities】
2023-03-12 23:04:21,842 WARN [http-nio-8080-exec-8] c.x.c.a.ServiceLogAspect [Logger.java:44] 用户【0:0:0:0:0:0:0:1】，在【2023-04-12 23:04:21】，访问了【com.xianj.community.service.UserService.login】
2023-03-12 23:04:21,857 WARN [http-nio-8080-exec-8] c.x.c.a.ServiceLogAspect [Logger.java:44] 用户【0:0:0:0:0:0:0:1】，在【2023-04-12 23:04:21】，访问了【com.xianj.community.service.MessageService.findMessageUnreadCount】
2023-03-12 23:04:21,858 WARN [http-nio-8080-exec-8] c.x.c.a.ServiceLogAspect [Logger.java:44] 用户【0:0:0:0:0:0:0:1】，在【2023-04-12 23:04:21】，访问了【com.xianj.community.service.MessageService.findUnreadNoticeCount】
2023-03-12 23:04:21,866 WARN [http-nio-8080-exec-9] c.x.c.a.ServiceLogAspect [Logger.java:44] 用户【0:0:0:0:0:0:0:1】，在【2023-04-12 23:04:21】，访问了【com.xianj.community.service.UserService.findLoginTicket】
2023-03-12 23:04:21,867 WARN [http-nio-8080-exec-9] c.x.c.a.ServiceLogAspect [Logger.java:44] 用户【0:0:0:0:0:0:0:1】，在【2023-04-12 23:04:21】，访问了【com.xianj.community.service.UserService.findUserById】
2023-03-12 23:04:21,868 WARN [http-nio-8080-exec-9] c.x.c.a.ServiceLogAspect [Logger.java:44] 用户【0:0:0:0:0:0:0:1】，在【2023-04-12 23:04:21】，访问了【com.xianj.community.service.UserService.getAuthorities】
2023-03-12 23:04:21,872 WARN [http-nio-8080-exec-9] c.x.c.a.ServiceLogAspect [Logger.java:44] 用户【0:0:0:0:0:0:0:1】，在【2023-04-12 23:04:21】，访问了【com.xianj.community.service.DiscussPostService.findDiscussPostRows】
2023-03-12 23:04:21,881 WARN [http-nio-8080-exec-9] c.x.c.a.ServiceLogAspect [Logger.java:44] 用户【0:0:0:0:0:0:0:1】，在【2023-04-12 23:04:21】，访问了【com.xianj.community.service.DiscussPostService.findDiscussPosts】
2023-03-12 23:04:21,889 WARN [http-nio-8080-exec-9] c.x.c.a.ServiceLogAspect [Logger.java:44] 用户【0:0:0:0:0:0:0:1】，在【2023-04-12 23:04:21】，访问了【com.xianj.community.service.UserService.findUserById】
2023-03-12 23:04:21,889 WARN [http-nio-8080-exec-9] c.x.c.a.ServiceLogAspect [Logger.java:44] 用户【0:0:0:0:0:0:0:1】，在【2023-04-12 23:04:21】，访问了【com.xianj.community.service.LikeService.findEntityLikeCount】
2023-03-12 23:04:21,896 WARN [http-nio-8080-exec-9] c.x.c.a.ServiceLogAspect [Logger.java:44] 用户【0:0:0:0:0:0:0:1】，在【2023-04-12 23:04:21】，访问了【com.xianj.community.service.LikeService.findLikeStatus】
2023-03-12 23:04:21,899 WARN [http-nio-8080-exec-9] c.x.c.a.ServiceLogAspect [Logger.java:44] 用户【0:0:0:0:0:0:0:1】，在【2023-04-12 23:04:21】，访问了【com.xianj.community.service.UserService.findUserById】
2023-03-12 23:04:21,900 WARN [http-nio-8080-exec-9] c.x.c.a.ServiceLogAspect [Logger.java:44] 用户【0:0:0:0:0:0:0:1】，在【2023-04-12 23:04:21】，访问了【com.xianj.community.service.LikeService.findEntityLikeCount】
2023-03-12 23:04:21,900 WARN [http-nio-8080-exec-9] c.x.c.a.ServiceLogAspect [Logger.java:44] 用户【0:0:0:0:0:0:0:1】，在【2023-04-12 23:04:21】，访问了【com.xianj.community.service.LikeService.findLikeStatus】
2023-03-12 23:04:21,901 WARN [http-nio-8080-exec-9] c.x.c.a.ServiceLogAspect [Logger.java:44] 用户【0:0:0:0:0:0:0:1】，在【2023-04-12 23:04:21】，访问了【com.xianj.community.service.UserService.findUserById】
2023-03-12 23:04:21,901 WARN [http-nio-8080-exec-9] c.x.c.a.ServiceLogAspect [Logger.java:44] 用户【0:0:0:0:0:0:0:1】，在【2023-04-12 23:04:21】，访问了【com.xianj.community.service.LikeService.findEntityLikeCount】
2023-03-12 23:04:21,902 WARN [http-nio-8080-exec-9] c.x.c.a.ServiceLogAspect [Logger.java:44] 用户【0:0:0:0:0:0:0:1】，在【2023-04-12 23:04:21】，访问了【com.xianj.community.service.LikeService.findLikeStatus】
2023-03-12 23:04:21,902 WARN [http-nio-8080-exec-9] c.x.c.a.ServiceLogAspect [Logger.java:44] 用户【0:0:0:0:0:0:0:1】，在【2023-04-12 23:04:21】，访问了【com.xianj.community.service.UserService.findUserById】
2023-03-12 23:04:21,903 WARN [http-nio-8080-exec-9] c.x.c.a.ServiceLogAspect [Logger.java:44] 用户【0:0:0:0:0:0:0:1】，在【2023-04-12 23:04:21】，访问了【com.xianj.community.service.LikeService.findEntityLikeCount】
2023-03-12 23:04:21,905 WARN [http-nio-8080-exec-9] c.x.c.a.ServiceLogAspect [Logger.java:44] 用户【0:0:0:0:0:0:0:1】，在【2023-04-12 23:04:21】，访问了【com.xianj.community.service.LikeService.findLikeStatus】
2023-03-12 23:04:21,905 WARN [http-nio-8080-exec-9] c.x.c.a.ServiceLogAspect [Logger.java:44] 用户【0:0:0:0:0:0:0:1】，在【2023-04-12 23:04:21】，访问了【com.xianj.community.service.UserService.findUserById】
2023-03-12 23:04:21,906 WARN [http-nio-8080-exec-9] c.x.c.a.ServiceLogAspect [Logger.java:44] 用户【0:0:0:0:0:0:0:1】，在【2023-04-12 23:04:21】，访问了【com.xianj.community.service.LikeService.findEntityLikeCount】
2023-03-12 23:04:21,906 WARN [http-nio-8080-exec-9] c.x.c.a.ServiceLogAspect [Logger.java:44] 用户【0:0:0:0:0:0:0:1】，在【2023-04-12 23:04:21】，访问了【com.xianj.community.service.LikeService.findLikeStatus】
2023-03-12 23:04:21,906 WARN [http-nio-8080-exec-9] c.x.c.a.ServiceLogAspect [Logger.java:44] 用户【0:0:0:0:0:0:0:1】，在【2023-04-12 23:04:21】，访问了【com.xianj.community.service.UserService.findUserById】
2023-03-12 23:04:21,907 WARN [http-nio-8080-exec-9] c.x.c.a.ServiceLogAspect [Logger.java:44] 用户【0:0:0:0:0:0:0:1】，在【2023-04-12 23:04:21】，访问了【com.xianj.community.service.LikeService.findEntityLikeCount】
2023-03-12 23:04:21,908 WARN [http-nio-8080-exec-9] c.x.c.a.ServiceLogAspect [Logger.java:44] 用户【0:0:0:0:0:0:0:1】，在【2023-04-12 23:04:21】，访问了【com.xianj.community.service.LikeService.findLikeStatus】
2023-03-12 23:04:21,909 WARN [http-nio-8080-exec-9] c.x.c.a.ServiceLogAspect [Logger.java:44] 用户【0:0:0:0:0:0:0:1】，在【2023-04-12 23:04:21】，访问了【com.xianj.community.service.UserService.findUserById】
2023-03-12 23:04:21,910 WARN [http-nio-8080-exec-9] c.x.c.a.ServiceLogAspect [Logger.java:44] 用户【0:0:0:0:0:0:0:1】，在【2023-04-12 23:04:21】，访问了【com.xianj.community.service.LikeService.findEntityLikeCount】
2023-03-12 23:04:21,911 WARN [http-nio-8080-exec-9] c.x.c.a.ServiceLogAspect [Logger.java:44] 用户【0:0:0:0:0:0:0:1】，在【2023-04-12 23:04:21】，访问了【com.xianj.community.service.LikeService.findLikeStatus】
2023-03-12 23:04:21,911 WARN [http-nio-8080-exec-9] c.x.c.a.ServiceLogAspect [Logger.java:44] 用户【0:0:0:0:0:0:0:1】，在【2023-04-12 23:04:21】，访问了【com.xianj.community.service.UserService.findUserById】
2023-03-12 23:04:21,912 WARN [http-nio-8080-exec-9] c.x.c.a.ServiceLogAspect [Logger.java:44] 用户【0:0:0:0:0:0:0:1】，在【2023-04-12 23:04:21】，访问了【com.xianj.community.service.LikeService.findEntityLikeCount】
2023-03-12 23:04:21,912 WARN [http-nio-8080-exec-9] c.x.c.a.ServiceLogAspect [Logger.java:44] 用户【0:0:0:0:0:0:0:1】，在【2023-04-12 23:04:21】，访问了【com.xianj.community.service.LikeService.findLikeStatus】
2023-03-12 23:04:21,913 WARN [http-nio-8080-exec-9] c.x.c.a.ServiceLogAspect [Logger.java:44] 用户【0:0:0:0:0:0:0:1】，在【2023-04-12 23:04:21】，访问了【com.xianj.community.service.UserService.findUserById】
2023-03-12 23:04:21,913 WARN [http-nio-8080-exec-9] c.x.c.a.ServiceLogAspect [Logger.java:44] 用户【0:0:0:0:0:0:0:1】，在【2023-04-12 23:04:21】，访问了【com.xianj.community.service.LikeService.findEntityLikeCount】
2023-03-12 23:04:21,914 WARN [http-nio-8080-exec-9] c.x.c.a.ServiceLogAspect [Logger.java:44] 用户【0:0:0:0:0:0:0:1】，在【2023-04-12 23:04:21】，访问了【com.xianj.community.service.LikeService.findLikeStatus】
2023-03-12 23:04:21,914 WARN [http-nio-8080-exec-9] c.x.c.a.ServiceLogAspect [Logger.java:44] 用户【0:0:0:0:0:0:0:1】，在【2023-04-12 23:04:21】，访问了【com.xianj.community.service.UserService.findUserById】
2023-03-12 23:04:21,914 WARN [http-nio-8080-exec-9] c.x.c.a.ServiceLogAspect [Logger.java:44] 用户【0:0:0:0:0:0:0:1】，在【2023-04-12 23:04:21】，访问了【com.xianj.community.service.LikeService.findEntityLikeCount】
2023-03-12 23:04:21,916 WARN [http-nio-8080-exec-9] c.x.c.a.ServiceLogAspect [Logger.java:44] 用户【0:0:0:0:0:0:0:1】，在【2023-04-12 23:04:21】，访问了【com.xianj.community.service.LikeService.findLikeStatus】
2023-03-12 23:04:21,916 WARN [http-nio-8080-exec-9] c.x.c.a.ServiceLogAspect [Logger.java:44] 用户【0:0:0:0:0:0:0:1】，在【2023-04-12 23:04:21】，访问了【com.xianj.community.service.MessageService.findMessageUnreadCount】
2023-03-12 23:04:21,918 WARN [http-nio-8080-exec-9] c.x.c.a.ServiceLogAspect [Logger.java:44] 用户【0:0:0:0:0:0:0:1】，在【2023-04-12 23:04:21】，访问了【com.xianj.community.service.MessageService.findUnreadNoticeCount】
2023-03-12 23:04:24,807 WARN [http-nio-8080-exec-7] c.x.c.a.ServiceLogAspect [Logger.java:44] 用户【0:0:0:0:0:0:0:1】，在【2023-04-12 23:04:24】，访问了【com.xianj.community.service.UserService.findLoginTicket】
2023-03-12 23:04:24,808 WARN [http-nio-8080-exec-7] c.x.c.a.ServiceLogAspect [Logger.java:44] 用户【0:0:0:0:0:0:0:1】，在【2023-04-12 23:04:24】，访问了【com.xianj.community.service.UserService.findUserById】
2023-03-12 23:04:24,809 WARN [http-nio-8080-exec-7] c.x.c.a.ServiceLogAspect [Logger.java:44] 用户【0:0:0:0:0:0:0:1】，在【2023-04-12 23:04:24】，访问了【com.xianj.community.service.UserService.getAuthorities】
2023-03-12 23:04:24,811 WARN [http-nio-8080-exec-7] c.x.c.a.ServiceLogAspect [Logger.java:44] 用户【0:0:0:0:0:0:0:1】，在【2023-04-12 23:04:24】，访问了【com.xianj.community.service.MessageService.findConversationCount】
2023-03-12 23:04:24,814 WARN [http-nio-8080-exec-7] c.x.c.a.ServiceLogAspect [Logger.java:44] 用户【0:0:0:0:0:0:0:1】，在【2023-04-12 23:04:24】，访问了【com.xianj.community.service.MessageService.findConversations】
2023-03-12 23:04:24,816 WARN [http-nio-8080-exec-7] c.x.c.a.ServiceLogAspect [Logger.java:44] 用户【0:0:0:0:0:0:0:1】，在【2023-04-12 23:04:24】，访问了【com.xianj.community.service.MessageService.findMessageCountForSingleConv】
2023-03-12 23:04:24,818 WARN [http-nio-8080-exec-7] c.x.c.a.ServiceLogAspect [Logger.java:44] 用户【0:0:0:0:0:0:0:1】，在【2023-04-12 23:04:24】，访问了【com.xianj.community.service.MessageService.findMessageUnreadCount】
2023-03-12 23:04:24,819 WARN [http-nio-8080-exec-7] c.x.c.a.ServiceLogAspect [Logger.java:44] 用户【0:0:0:0:0:0:0:1】，在【2023-04-12 23:04:24】，访问了【com.xianj.community.service.UserService.findUserById】
2023-03-12 23:04:24,820 WARN [http-nio-8080-exec-7] c.x.c.a.ServiceLogAspect [Logger.java:44] 用户【0:0:0:0:0:0:0:1】，在【2023-04-12 23:04:24】，访问了【com.xianj.community.service.MessageService.findMessageCountForSingleConv】
2023-03-12 23:04:24,822 WARN [http-nio-8080-exec-7] c.x.c.a.ServiceLogAspect [Logger.java:44] 用户【0:0:0:0:0:0:0:1】，在【2023-04-12 23:04:24】，访问了【com.xianj.community.service.MessageService.findMessageUnreadCount】
2023-03-12 23:04:24,823 WARN [http-nio-8080-exec-7] c.x.c.a.ServiceLogAspect [Logger.java:44] 用户【0:0:0:0:0:0:0:1】，在【2023-04-12 23:04:24】，访问了【com.xianj.community.service.UserService.findUserById】
2023-03-12 23:04:24,824 WARN [http-nio-8080-exec-7] c.x.c.a.ServiceLogAspect [Logger.java:44] 用户【0:0:0:0:0:0:0:1】，在【2023-04-12 23:04:24】，访问了【com.xianj.community.service.MessageService.findMessageCountForSingleConv】
2023-03-12 23:04:24,825 WARN [http-nio-8080-exec-7] c.x.c.a.ServiceLogAspect [Logger.java:44] 用户【0:0:0:0:0:0:0:1】，在【2023-04-12 23:04:24】，访问了【com.xianj.community.service.MessageService.findMessageUnreadCount】
2023-03-12 23:04:24,826 WARN [http-nio-8080-exec-7] c.x.c.a.ServiceLogAspect [Logger.java:44] 用户【0:0:0:0:0:0:0:1】，在【2023-04-12 23:04:24】，访问了【com.xianj.community.service.UserService.findUserById】
2023-03-12 23:04:24,826 WARN [http-nio-8080-exec-7] c.x.c.a.ServiceLogAspect [Logger.java:44] 用户【0:0:0:0:0:0:0:1】，在【2023-04-12 23:04:24】，访问了【com.xianj.community.service.MessageService.findMessageCountForSingleConv】
2023-03-12 23:04:24,827 WARN [http-nio-8080-exec-7] c.x.c.a.ServiceLogAspect [Logger.java:44] 用户【0:0:0:0:0:0:0:1】，在【2023-04-12 23:04:24】，访问了【com.xianj.community.service.MessageService.findMessageUnreadCount】
2023-03-12 23:04:24,828 WARN [http-nio-8080-exec-7] c.x.c.a.ServiceLogAspect [Logger.java:44] 用户【0:0:0:0:0:0:0:1】，在【2023-04-12 23:04:24】，访问了【com.xianj.community.service.UserService.findUserById】
2023-03-12 23:04:24,829 WARN [http-nio-8080-exec-7] c.x.c.a.ServiceLogAspect [Logger.java:44] 用户【0:0:0:0:0:0:0:1】，在【2023-04-12 23:04:24】，访问了【com.xianj.community.service.MessageService.findMessageCountForSingleConv】
2023-03-12 23:04:24,830 WARN [http-nio-8080-exec-7] c.x.c.a.ServiceLogAspect [Logger.java:44] 用户【0:0:0:0:0:0:0:1】，在【2023-04-12 23:04:24】，访问了【com.xianj.community.service.MessageService.findMessageUnreadCount】
2023-03-12 23:04:24,831 WARN [http-nio-8080-exec-7] c.x.c.a.ServiceLogAspect [Logger.java:44] 用户【0:0:0:0:0:0:0:1】，在【2023-04-12 23:04:24】，访问了【com.xianj.community.service.UserService.findUserById】
2023-03-12 23:04:24,832 WARN [http-nio-8080-exec-7] c.x.c.a.ServiceLogAspect [Logger.java:44] 用户【0:0:0:0:0:0:0:1】，在【2023-04-12 23:04:24】，访问了【com.xianj.community.service.MessageService.findUnreadNoticeCount】
2023-03-12 23:04:24,834 WARN [http-nio-8080-exec-7] c.x.c.a.ServiceLogAspect [Logger.java:44] 用户【0:0:0:0:0:0:0:1】，在【2023-04-12 23:04:24】，访问了【com.xianj.community.service.MessageService.findMessageUnreadCount】
2023-03-12 23:04:24,835 WARN [http-nio-8080-exec-7] c.x.c.a.ServiceLogAspect [Logger.java:44] 用户【0:0:0:0:0:0:0:1】，在【2023-04-12 23:04:24】，访问了【com.xianj.community.service.MessageService.findMessageUnreadCount】
2023-03-12 23:04:24,836 WARN [http-nio-8080-exec-7] c.x.c.a.ServiceLogAspect [Logger.java:44] 用户【0:0:0:0:0:0:0:1】，在【2023-04-12 23:04:24】，访问了【com.xianj.community.service.MessageService.findUnreadNoticeCount】
2023-03-12 23:04:31,613 WARN [http-nio-8080-exec-6] c.x.c.a.ServiceLogAspect [Logger.java:44] 用户【0:0:0:0:0:0:0:1】，在【2023-04-12 23:04:31】，访问了【com.xianj.community.service.UserService.findLoginTicket】
2023-03-12 23:04:31,614 WARN [http-nio-8080-exec-6] c.x.c.a.ServiceLogAspect [Logger.java:44] 用户【0:0:0:0:0:0:0:1】，在【2023-04-12 23:04:31】，访问了【com.xianj.community.service.UserService.findUserById】
2023-03-12 23:04:31,615 WARN [http-nio-8080-exec-6] c.x.c.a.ServiceLogAspect [Logger.java:44] 用户【0:0:0:0:0:0:0:1】，在【2023-04-12 23:04:31】，访问了【com.xianj.community.service.UserService.getAuthorities】
2023-03-12 23:04:31,617 WARN [http-nio-8080-exec-6] c.x.c.a.ServiceLogAspect [Logger.java:44] 用户【0:0:0:0:0:0:0:1】，在【2023-04-12 23:04:31】，访问了【com.xianj.community.service.UserService.findUserByName】
2023-03-12 23:04:31,619 WARN [http-nio-8080-exec-6] c.x.c.a.ServiceLogAspect [Logger.java:44] 用户【0:0:0:0:0:0:0:1】，在【2023-04-12 23:04:31】，访问了【com.xianj.community.service.MessageService.sendMessage】
2023-03-12 23:04:33,710 WARN [http-nio-8080-exec-4] c.x.c.a.ServiceLogAspect [Logger.java:44] 用户【0:0:0:0:0:0:0:1】，在【2023-04-12 23:04:33】，访问了【com.xianj.community.service.UserService.findLoginTicket】
2023-03-12 23:04:33,711 WARN [http-nio-8080-exec-4] c.x.c.a.ServiceLogAspect [Logger.java:44] 用户【0:0:0:0:0:0:0:1】，在【2023-04-12 23:04:33】，访问了【com.xianj.community.service.UserService.findUserById】
2023-03-12 23:04:33,712 WARN [http-nio-8080-exec-4] c.x.c.a.ServiceLogAspect [Logger.java:44] 用户【0:0:0:0:0:0:0:1】，在【2023-04-12 23:04:33】，访问了【com.xianj.community.service.UserService.getAuthorities】
2023-03-12 23:04:33,713 WARN [http-nio-8080-exec-4] c.x.c.a.ServiceLogAspect [Logger.java:44] 用户【0:0:0:0:0:0:0:1】，在【2023-04-12 23:04:33】，访问了【com.xianj.community.service.MessageService.findConversationCount】
2023-03-12 23:04:33,714 WARN [http-nio-8080-exec-4] c.x.c.a.ServiceLogAspect [Logger.java:44] 用户【0:0:0:0:0:0:0:1】，在【2023-04-12 23:04:33】，访问了【com.xianj.community.service.MessageService.findConversations】
2023-03-12 23:04:33,717 WARN [http-nio-8080-exec-4] c.x.c.a.ServiceLogAspect [Logger.java:44] 用户【0:0:0:0:0:0:0:1】，在【2023-04-12 23:04:33】，访问了【com.xianj.community.service.MessageService.findMessageCountForSingleConv】
2023-03-12 23:04:33,718 WARN [http-nio-8080-exec-4] c.x.c.a.ServiceLogAspect [Logger.java:44] 用户【0:0:0:0:0:0:0:1】，在【2023-04-12 23:04:33】，访问了【com.xianj.community.service.MessageService.findMessageUnreadCount】
2023-03-12 23:04:33,720 WARN [http-nio-8080-exec-4] c.x.c.a.ServiceLogAspect [Logger.java:44] 用户【0:0:0:0:0:0:0:1】，在【2023-04-12 23:04:33】，访问了【com.xianj.community.service.UserService.findUserById】
2023-03-12 23:04:33,720 WARN [http-nio-8080-exec-4] c.x.c.a.ServiceLogAspect [Logger.java:44] 用户【0:0:0:0:0:0:0:1】，在【2023-04-12 23:04:33】，访问了【com.xianj.community.service.MessageService.findMessageCountForSingleConv】
2023-03-12 23:04:33,721 WARN [http-nio-8080-exec-4] c.x.c.a.ServiceLogAspect [Logger.java:44] 用户【0:0:0:0:0:0:0:1】，在【2023-04-12 23:04:33】，访问了【com.xianj.community.service.MessageService.findMessageUnreadCount】
2023-03-12 23:04:33,722 WARN [http-nio-8080-exec-4] c.x.c.a.ServiceLogAspect [Logger.java:44] 用户【0:0:0:0:0:0:0:1】，在【2023-04-12 23:04:33】，访问了【com.xianj.community.service.UserService.findUserById】
2023-03-12 23:04:33,723 WARN [http-nio-8080-exec-4] c.x.c.a.ServiceLogAspect [Logger.java:44] 用户【0:0:0:0:0:0:0:1】，在【2023-04-12 23:04:33】，访问了【com.xianj.community.service.MessageService.findMessageCountForSingleConv】
2023-03-12 23:04:33,724 WARN [http-nio-8080-exec-4] c.x.c.a.ServiceLogAspect [Logger.java:44] 用户【0:0:0:0:0:0:0:1】，在【2023-04-12 23:04:33】，访问了【com.xianj.community.service.MessageService.findMessageUnreadCount】
2023-03-12 23:04:33,725 WARN [http-nio-8080-exec-4] c.x.c.a.ServiceLogAspect [Logger.java:44] 用户【0:0:0:0:0:0:0:1】，在【2023-04-12 23:04:33】，访问了【com.xianj.community.service.UserService.findUserById】
2023-03-12 23:04:33,727 WARN [http-nio-8080-exec-4] c.x.c.a.ServiceLogAspect [Logger.java:44] 用户【0:0:0:0:0:0:0:1】，在【2023-04-12 23:04:33】，访问了【com.xianj.community.service.MessageService.findMessageCountForSingleConv】
2023-03-12 23:04:33,728 WARN [http-nio-8080-exec-4] c.x.c.a.ServiceLogAspect [Logger.java:44] 用户【0:0:0:0:0:0:0:1】，在【2023-04-12 23:04:33】，访问了【com.xianj.community.service.MessageService.findMessageUnreadCount】
2023-03-12 23:04:33,729 WARN [http-nio-8080-exec-4] c.x.c.a.ServiceLogAspect [Logger.java:44] 用户【0:0:0:0:0:0:0:1】，在【2023-04-12 23:04:33】，访问了【com.xianj.community.service.UserService.findUserById】
2023-03-12 23:04:33,729 WARN [http-nio-8080-exec-4] c.x.c.a.ServiceLogAspect [Logger.java:44] 用户【0:0:0:0:0:0:0:1】，在【2023-04-12 23:04:33】，访问了【com.xianj.community.service.MessageService.findMessageCountForSingleConv】
2023-03-12 23:04:33,730 WARN [http-nio-8080-exec-4] c.x.c.a.ServiceLogAspect [Logger.java:44] 用户【0:0:0:0:0:0:0:1】，在【2023-04-12 23:04:33】，访问了【com.xianj.community.service.MessageService.findMessageUnreadCount】
2023-03-12 23:04:33,732 WARN [http-nio-8080-exec-4] c.x.c.a.ServiceLogAspect [Logger.java:44] 用户【0:0:0:0:0:0:0:1】，在【2023-04-12 23:04:33】，访问了【com.xianj.community.service.UserService.findUserById】
2023-03-12 23:04:33,733 WARN [http-nio-8080-exec-4] c.x.c.a.ServiceLogAspect [Logger.java:44] 用户【0:0:0:0:0:0:0:1】，在【2023-04-12 23:04:33】，访问了【com.xianj.community.service.MessageService.findUnreadNoticeCount】
2023-03-12 23:04:33,734 WARN [http-nio-8080-exec-4] c.x.c.a.ServiceLogAspect [Logger.java:44] 用户【0:0:0:0:0:0:0:1】，在【2023-04-12 23:04:33】，访问了【com.xianj.community.service.MessageService.findMessageUnreadCount】
2023-03-12 23:04:33,735 WARN [http-nio-8080-exec-4] c.x.c.a.ServiceLogAspect [Logger.java:44] 用户【0:0:0:0:0:0:0:1】，在【2023-04-12 23:04:33】，访问了【com.xianj.community.service.MessageService.findMessageUnreadCount】
2023-03-12 23:04:33,737 WARN [http-nio-8080-exec-4] c.x.c.a.ServiceLogAspect [Logger.java:44] 用户【0:0:0:0:0:0:0:1】，在【2023-04-12 23:04:33】，访问了【com.xianj.community.service.MessageService.findUnreadNoticeCount】
2023-03-12 23:04:34,560 WARN [http-nio-8080-exec-9] c.x.c.a.ServiceLogAspect [Logger.java:44] 用户【0:0:0:0:0:0:0:1】，在【2023-04-12 23:04:34】，访问了【com.xianj.community.service.UserService.findLoginTicket】
2023-03-12 23:04:34,561 WARN [http-nio-8080-exec-9] c.x.c.a.ServiceLogAspect [Logger.java:44] 用户【0:0:0:0:0:0:0:1】，在【2023-04-12 23:04:34】，访问了【com.xianj.community.service.UserService.findUserById】
2023-03-12 23:04:34,562 WARN [http-nio-8080-exec-9] c.x.c.a.ServiceLogAspect [Logger.java:44] 用户【0:0:0:0:0:0:0:1】，在【2023-04-12 23:04:34】，访问了【com.xianj.community.service.UserService.getAuthorities】
2023-03-12 23:04:34,565 WARN [http-nio-8080-exec-9] c.x.c.a.ServiceLogAspect [Logger.java:44] 用户【0:0:0:0:0:0:0:1】，在【2023-04-12 23:04:34】，访问了【com.xianj.community.service.UserService.findUserById】
2023-03-12 23:04:34,566 WARN [http-nio-8080-exec-9] c.x.c.a.ServiceLogAspect [Logger.java:44] 用户【0:0:0:0:0:0:0:1】，在【2023-04-12 23:04:34】，访问了【com.xianj.community.service.LikeService.getUserLikeCount】
2023-03-12 23:04:34,567 WARN [http-nio-8080-exec-9] c.x.c.a.ServiceLogAspect [Logger.java:44] 用户【0:0:0:0:0:0:0:1】，在【2023-04-12 23:04:34】，访问了【com.xianj.community.service.FollowService.findFolloweeCount】
2023-03-12 23:04:34,574 WARN [http-nio-8080-exec-9] c.x.c.a.ServiceLogAspect [Logger.java:44] 用户【0:0:0:0:0:0:0:1】，在【2023-04-12 23:04:34】，访问了【com.xianj.community.service.FollowService.findFollowerCount】
2023-03-12 23:04:34,575 WARN [http-nio-8080-exec-9] c.x.c.a.ServiceLogAspect [Logger.java:44] 用户【0:0:0:0:0:0:0:1】，在【2023-04-12 23:04:34】，访问了【com.xianj.community.service.FollowService.hasFollowed】
2023-03-12 23:04:34,576 WARN [http-nio-8080-exec-9] c.x.c.a.ServiceLogAspect [Logger.java:44] 用户【0:0:0:0:0:0:0:1】，在【2023-04-12 23:04:34】，访问了【com.xianj.community.service.MessageService.findMessageUnreadCount】
2023-03-12 23:04:34,578 WARN [http-nio-8080-exec-9] c.x.c.a.ServiceLogAspect [Logger.java:44] 用户【0:0:0:0:0:0:0:1】，在【2023-04-12 23:04:34】，访问了【com.xianj.community.service.MessageService.findUnreadNoticeCount】
2023-03-12 23:04:35,600 WARN [http-nio-8080-exec-10] c.x.c.a.ServiceLogAspect [Logger.java:44] 用户【0:0:0:0:0:0:0:1】，在【2023-04-12 23:04:35】，访问了【com.xianj.community.service.UserService.findLoginTicket】
2023-03-12 23:04:35,601 WARN [http-nio-8080-exec-10] c.x.c.a.ServiceLogAspect [Logger.java:44] 用户【0:0:0:0:0:0:0:1】，在【2023-04-12 23:04:35】，访问了【com.xianj.community.service.UserService.findUserById】
2023-03-12 23:04:35,602 WARN [http-nio-8080-exec-10] c.x.c.a.ServiceLogAspect [Logger.java:44] 用户【0:0:0:0:0:0:0:1】，在【2023-04-12 23:04:35】，访问了【com.xianj.community.service.UserService.getAuthorities】
2023-03-12 23:04:35,603 WARN [http-nio-8080-exec-10] c.x.c.a.ServiceLogAspect [Logger.java:44] 用户【0:0:0:0:0:0:0:1】，在【2023-04-12 23:04:35】，访问了【com.xianj.community.service.MessageService.findConversationCount】
2023-03-12 23:04:35,605 WARN [http-nio-8080-exec-10] c.x.c.a.ServiceLogAspect [Logger.java:44] 用户【0:0:0:0:0:0:0:1】，在【2023-04-12 23:04:35】，访问了【com.xianj.community.service.MessageService.findConversations】
2023-03-12 23:04:35,608 WARN [http-nio-8080-exec-10] c.x.c.a.ServiceLogAspect [Logger.java:44] 用户【0:0:0:0:0:0:0:1】，在【2023-04-12 23:04:35】，访问了【com.xianj.community.service.MessageService.findMessageCountForSingleConv】
2023-03-12 23:04:35,609 WARN [http-nio-8080-exec-10] c.x.c.a.ServiceLogAspect [Logger.java:44] 用户【0:0:0:0:0:0:0:1】，在【2023-04-12 23:04:35】，访问了【com.xianj.community.service.MessageService.findMessageUnreadCount】
2023-03-12 23:04:35,611 WARN [http-nio-8080-exec-10] c.x.c.a.ServiceLogAspect [Logger.java:44] 用户【0:0:0:0:0:0:0:1】，在【2023-04-12 23:04:35】，访问了【com.xianj.community.service.UserService.findUserById】
2023-03-12 23:04:35,612 WARN [http-nio-8080-exec-10] c.x.c.a.ServiceLogAspect [Logger.java:44] 用户【0:0:0:0:0:0:0:1】，在【2023-04-12 23:04:35】，访问了【com.xianj.community.service.MessageService.findMessageCountForSingleConv】
2023-03-12 23:04:35,613 WARN [http-nio-8080-exec-10] c.x.c.a.ServiceLogAspect [Logger.java:44] 用户【0:0:0:0:0:0:0:1】，在【2023-04-12 23:04:35】，访问了【com.xianj.community.service.MessageService.findMessageUnreadCount】
2023-03-12 23:04:35,614 WARN [http-nio-8080-exec-10] c.x.c.a.ServiceLogAspect [Logger.java:44] 用户【0:0:0:0:0:0:0:1】，在【2023-04-12 23:04:35】，访问了【com.xianj.community.service.UserService.findUserById】
2023-03-12 23:04:35,615 WARN [http-nio-8080-exec-10] c.x.c.a.ServiceLogAspect [Logger.java:44] 用户【0:0:0:0:0:0:0:1】，在【2023-04-12 23:04:35】，访问了【com.xianj.community.service.MessageService.findMessageCountForSingleConv】
2023-03-12 23:04:35,616 WARN [http-nio-8080-exec-10] c.x.c.a.ServiceLogAspect [Logger.java:44] 用户【0:0:0:0:0:0:0:1】，在【2023-04-12 23:04:35】，访问了【com.xianj.community.service.MessageService.findMessageUnreadCount】
2023-03-12 23:04:35,617 WARN [http-nio-8080-exec-10] c.x.c.a.ServiceLogAspect [Logger.java:44] 用户【0:0:0:0:0:0:0:1】，在【2023-04-12 23:04:35】，访问了【com.xianj.community.service.UserService.findUserById】
2023-03-12 23:04:35,618 WARN [http-nio-8080-exec-10] c.x.c.a.ServiceLogAspect [Logger.java:44] 用户【0:0:0:0:0:0:0:1】，在【2023-04-12 23:04:35】，访问了【com.xianj.community.service.MessageService.findMessageCountForSingleConv】
2023-03-12 23:04:35,619 WARN [http-nio-8080-exec-10] c.x.c.a.ServiceLogAspect [Logger.java:44] 用户【0:0:0:0:0:0:0:1】，在【2023-04-12 23:04:35】，访问了【com.xianj.community.service.MessageService.findMessageUnreadCount】
2023-03-12 23:04:35,621 WARN [http-nio-8080-exec-10] c.x.c.a.ServiceLogAspect [Logger.java:44] 用户【0:0:0:0:0:0:0:1】，在【2023-04-12 23:04:35】，访问了【com.xianj.community.service.UserService.findUserById】
2023-03-12 23:04:35,621 WARN [http-nio-8080-exec-10] c.x.c.a.ServiceLogAspect [Logger.java:44] 用户【0:0:0:0:0:0:0:1】，在【2023-04-12 23:04:35】，访问了【com.xianj.community.service.MessageService.findMessageCountForSingleConv】
2023-03-12 23:04:35,622 WARN [http-nio-8080-exec-10] c.x.c.a.ServiceLogAspect [Logger.java:44] 用户【0:0:0:0:0:0:0:1】，在【2023-04-12 23:04:35】，访问了【com.xianj.community.service.MessageService.findMessageUnreadCount】
2023-03-12 23:04:35,623 WARN [http-nio-8080-exec-10] c.x.c.a.ServiceLogAspect [Logger.java:44] 用户【0:0:0:0:0:0:0:1】，在【2023-04-12 23:04:35】，访问了【com.xianj.community.service.UserService.findUserById】
2023-03-12 23:04:35,624 WARN [http-nio-8080-exec-10] c.x.c.a.ServiceLogAspect [Logger.java:44] 用户【0:0:0:0:0:0:0:1】，在【2023-04-12 23:04:35】，访问了【com.xianj.community.service.MessageService.findUnreadNoticeCount】
2023-03-12 23:04:35,626 WARN [http-nio-8080-exec-10] c.x.c.a.ServiceLogAspect [Logger.java:44] 用户【0:0:0:0:0:0:0:1】，在【2023-04-12 23:04:35】，访问了【com.xianj.community.service.MessageService.findMessageUnreadCount】
2023-03-12 23:04:35,627 WARN [http-nio-8080-exec-10] c.x.c.a.ServiceLogAspect [Logger.java:44] 用户【0:0:0:0:0:0:0:1】，在【2023-04-12 23:04:35】，访问了【com.xianj.community.service.MessageService.findMessageUnreadCount】
2023-03-12 23:04:35,628 WARN [http-nio-8080-exec-10] c.x.c.a.ServiceLogAspect [Logger.java:44] 用户【0:0:0:0:0:0:0:1】，在【2023-04-12 23:04:35】，访问了【com.xianj.community.service.MessageService.findUnreadNoticeCount】
2023-03-12 23:04:36,900 WARN [http-nio-8080-exec-1] c.x.c.a.ServiceLogAspect [Logger.java:44] 用户【0:0:0:0:0:0:0:1】，在【2023-04-12 23:04:36】，访问了【com.xianj.community.service.UserService.findLoginTicket】
2023-03-12 23:04:36,901 WARN [http-nio-8080-exec-1] c.x.c.a.ServiceLogAspect [Logger.java:44] 用户【0:0:0:0:0:0:0:1】，在【2023-04-12 23:04:36】，访问了【com.xianj.community.service.UserService.findUserById】
2023-03-12 23:04:36,902 WARN [http-nio-8080-exec-1] c.x.c.a.ServiceLogAspect [Logger.java:44] 用户【0:0:0:0:0:0:0:1】，在【2023-04-12 23:04:36】，访问了【com.xianj.community.service.UserService.getAuthorities】
2023-03-12 23:04:36,904 WARN [http-nio-8080-exec-1] c.x.c.a.ServiceLogAspect [Logger.java:44] 用户【0:0:0:0:0:0:0:1】，在【2023-04-12 23:04:36】，访问了【com.xianj.community.service.MessageService.findMessageCountForSingleConv】
2023-03-12 23:04:36,906 WARN [http-nio-8080-exec-1] c.x.c.a.ServiceLogAspect [Logger.java:44] 用户【0:0:0:0:0:0:0:1】，在【2023-04-12 23:04:36】，访问了【com.xianj.community.service.MessageService.findMessagesForSingleConv】
2023-03-12 23:04:36,908 WARN [http-nio-8080-exec-1] c.x.c.a.ServiceLogAspect [Logger.java:44] 用户【0:0:0:0:0:0:0:1】，在【2023-04-12 23:04:36】，访问了【com.xianj.community.service.UserService.findUserById】
2023-03-12 23:04:36,908 WARN [http-nio-8080-exec-1] c.x.c.a.ServiceLogAspect [Logger.java:44] 用户【0:0:0:0:0:0:0:1】，在【2023-04-12 23:04:36】，访问了【com.xianj.community.service.UserService.findUserById】
2023-03-12 23:04:36,910 WARN [http-nio-8080-exec-1] c.x.c.a.ServiceLogAspect [Logger.java:44] 用户【0:0:0:0:0:0:0:1】，在【2023-04-12 23:04:36】，访问了【com.xianj.community.service.UserService.findUserById】
2023-03-12 23:04:36,910 WARN [http-nio-8080-exec-1] c.x.c.a.ServiceLogAspect [Logger.java:44] 用户【0:0:0:0:0:0:0:1】，在【2023-04-12 23:04:36】，访问了【com.xianj.community.service.UserService.findUserById】
2023-03-12 23:04:36,910 WARN [http-nio-8080-exec-1] c.x.c.a.ServiceLogAspect [Logger.java:44] 用户【0:0:0:0:0:0:0:1】，在【2023-04-12 23:04:36】，访问了【com.xianj.community.service.UserService.findUserById】
2023-03-12 23:04:36,911 WARN [http-nio-8080-exec-1] c.x.c.a.ServiceLogAspect [Logger.java:44] 用户【0:0:0:0:0:0:0:1】，在【2023-04-12 23:04:36】，访问了【com.xianj.community.service.UserService.findUserById】
2023-03-12 23:04:36,911 WARN [http-nio-8080-exec-1] c.x.c.a.ServiceLogAspect [Logger.java:44] 用户【0:0:0:0:0:0:0:1】，在【2023-04-12 23:04:36】，访问了【com.xianj.community.service.MessageService.findMessageUnreadCount】
2023-03-12 23:04:36,913 WARN [http-nio-8080-exec-1] c.x.c.a.ServiceLogAspect [Logger.java:44] 用户【0:0:0:0:0:0:0:1】，在【2023-04-12 23:04:36】，访问了【com.xianj.community.service.MessageService.findUnreadNoticeCount】
2023-03-12 23:04:42,004 WARN [http-nio-8080-exec-2] c.x.c.a.ServiceLogAspect [Logger.java:44] 用户【0:0:0:0:0:0:0:1】，在【2023-04-12 23:04:42】，访问了【com.xianj.community.service.UserService.findLoginTicket】
2023-03-12 23:04:42,005 WARN [http-nio-8080-exec-2] c.x.c.a.ServiceLogAspect [Logger.java:44] 用户【0:0:0:0:0:0:0:1】，在【2023-04-12 23:04:42】，访问了【com.xianj.community.service.UserService.findUserById】
2023-03-12 23:04:42,006 WARN [http-nio-8080-exec-2] c.x.c.a.ServiceLogAspect [Logger.java:44] 用户【0:0:0:0:0:0:0:1】，在【2023-04-12 23:04:42】，访问了【com.xianj.community.service.UserService.getAuthorities】
2023-03-12 23:04:42,007 WARN [http-nio-8080-exec-2] c.x.c.a.ServiceLogAspect [Logger.java:44] 用户【0:0:0:0:0:0:0:1】，在【2023-04-12 23:04:42】，访问了【com.xianj.community.service.UserService.findUserByName】
2023-03-12 23:04:42,009 WARN [http-nio-8080-exec-2] c.x.c.a.ServiceLogAspect [Logger.java:44] 用户【0:0:0:0:0:0:0:1】，在【2023-04-12 23:04:42】，访问了【com.xianj.community.service.MessageService.sendMessage】
2023-03-12 23:04:44,031 WARN [http-nio-8080-exec-5] c.x.c.a.ServiceLogAspect [Logger.java:44] 用户【0:0:0:0:0:0:0:1】，在【2023-04-12 23:04:44】，访问了【com.xianj.community.service.UserService.findLoginTicket】
2023-03-12 23:04:44,032 WARN [http-nio-8080-exec-5] c.x.c.a.ServiceLogAspect [Logger.java:44] 用户【0:0:0:0:0:0:0:1】，在【2023-04-12 23:04:44】，访问了【com.xianj.community.service.UserService.findUserById】
2023-03-12 23:04:44,033 WARN [http-nio-8080-exec-5] c.x.c.a.ServiceLogAspect [Logger.java:44] 用户【0:0:0:0:0:0:0:1】，在【2023-04-12 23:04:44】，访问了【com.xianj.community.service.UserService.getAuthorities】
2023-03-12 23:04:44,034 WARN [http-nio-8080-exec-5] c.x.c.a.ServiceLogAspect [Logger.java:44] 用户【0:0:0:0:0:0:0:1】，在【2023-04-12 23:04:44】，访问了【com.xianj.community.service.MessageService.findMessageCountForSingleConv】
2023-03-12 23:04:44,036 WARN [http-nio-8080-exec-5] c.x.c.a.ServiceLogAspect [Logger.java:44] 用户【0:0:0:0:0:0:0:1】，在【2023-04-12 23:04:44】，访问了【com.xianj.community.service.MessageService.findMessagesForSingleConv】
2023-03-12 23:04:44,038 WARN [http-nio-8080-exec-5] c.x.c.a.ServiceLogAspect [Logger.java:44] 用户【0:0:0:0:0:0:0:1】，在【2023-04-12 23:04:44】，访问了【com.xianj.community.service.UserService.findUserById】
2023-03-12 23:04:44,039 WARN [http-nio-8080-exec-5] c.x.c.a.ServiceLogAspect [Logger.java:44] 用户【0:0:0:0:0:0:0:1】，在【2023-04-12 23:04:44】，访问了【com.xianj.community.service.UserService.findUserById】
2023-03-12 23:04:44,039 WARN [http-nio-8080-exec-5] c.x.c.a.ServiceLogAspect [Logger.java:44] 用户【0:0:0:0:0:0:0:1】，在【2023-04-12 23:04:44】，访问了【com.xianj.community.service.UserService.findUserById】
2023-03-12 23:04:44,039 WARN [http-nio-8080-exec-5] c.x.c.a.ServiceLogAspect [Logger.java:44] 用户【0:0:0:0:0:0:0:1】，在【2023-04-12 23:04:44】，访问了【com.xianj.community.service.UserService.findUserById】
2023-03-12 23:04:44,040 WARN [http-nio-8080-exec-5] c.x.c.a.ServiceLogAspect [Logger.java:44] 用户【0:0:0:0:0:0:0:1】，在【2023-04-12 23:04:44】，访问了【com.xianj.community.service.UserService.findUserById】
2023-03-12 23:04:44,040 WARN [http-nio-8080-exec-5] c.x.c.a.ServiceLogAspect [Logger.java:44] 用户【0:0:0:0:0:0:0:1】，在【2023-04-12 23:04:44】，访问了【com.xianj.community.service.UserService.findUserById】
2023-03-12 23:04:44,041 WARN [http-nio-8080-exec-5] c.x.c.a.ServiceLogAspect [Logger.java:44] 用户【0:0:0:0:0:0:0:1】，在【2023-04-12 23:04:44】，访问了【com.xianj.community.service.MessageService.findMessageUnreadCount】
2023-03-12 23:04:44,042 WARN [http-nio-8080-exec-5] c.x.c.a.ServiceLogAspect [Logger.java:44] 用户【0:0:0:0:0:0:0:1】，在【2023-04-12 23:04:44】，访问了【com.xianj.community.service.MessageService.findUnreadNoticeCount】
